<?xml version="1.0" encoding="UTF-8"?>
<robot generator="Robot 5.0.1 (Python 3.8.12 on darwin)" generated="20221002 11:46:43.924" rpa="false" schemaversion="3">
<suite id="s1" name="Tests" source="/Users/ckz8780/dev/robot-testing/tests">
<suite id="s1-s1" name="Ebay" source="/Users/ckz8780/dev/robot-testing/tests/ebay">
<suite id="s1-s1-s1" name="Functional" source="/Users/ckz8780/dev/robot-testing/tests/ebay/functional">
<suite id="s1-s1-s1-s1" name="Basic Search" source="/Users/ckz8780/dev/robot-testing/tests/ebay/functional/basic_search.robot">
<test id="s1-s1-s1-s1-t1" name="Verify basic search functionality for eBay" line="12">
<kw name="Start Testcase" library="common" type="SETUP">
<kw name="Open Browser" library="SeleniumLibrary">
<arg>https://www.ebay.com</arg>
<arg>chrome</arg>
<doc>Opens a new browser instance to the optional ``url``.</doc>
<msg timestamp="20221002 11:46:44.114" level="INFO">Opening browser 'chrome' to base url 'https://www.ebay.com'.</msg>
<status status="PASS" starttime="20221002 11:46:44.114" endtime="20221002 11:46:46.680"/>
</kw>
<kw name="Maximize Browser Window" library="SeleniumLibrary">
<doc>Maximizes current browser window.</doc>
<status status="PASS" starttime="20221002 11:46:46.681" endtime="20221002 11:46:46.873"/>
</kw>
<status status="PASS" starttime="20221002 11:46:44.113" endtime="20221002 11:46:46.874"/>
</kw>
<kw name="Verify Search Results" library="user_defined_ebay">
<kw name="Input Text" library="SeleniumLibrary">
<arg>id:gh-ac</arg>
<arg>mobile</arg>
<doc>Types the given ``text`` into the text field identified by ``locator``.</doc>
<msg timestamp="20221002 11:46:46.875" level="INFO">Typing text 'mobile' into text field 'id:gh-ac'.</msg>
<status status="PASS" starttime="20221002 11:46:46.874" endtime="20221002 11:46:47.598"/>
</kw>
<kw name="Click Button" library="SeleniumLibrary">
<arg>id:gh-btn</arg>
<doc>Clicks the button identified by ``locator``.</doc>
<msg timestamp="20221002 11:46:47.599" level="INFO">Clicking button 'id:gh-btn'.</msg>
<status status="PASS" starttime="20221002 11:46:47.598" endtime="20221002 11:46:49.454"/>
</kw>
<kw name="Page Should Contain" library="SeleniumLibrary">
<arg>results for mobileeee</arg>
<doc>Verifies that current page contains ``text``.</doc>
<msg timestamp="20221002 11:46:50.449" level="INFO" html="true">&lt;/td&gt;&lt;/tr&gt;&lt;tr&gt;&lt;td colspan="3"&gt;&lt;a href="selenium-screenshot-1.png"&gt;&lt;img src="selenium-screenshot-1.png" width="800px"&gt;&lt;/a&gt;</msg>
<msg timestamp="20221002 11:46:50.450" level="FAIL">Page should have contained text 'results for mobileeee' but did not.</msg>
<status status="FAIL" starttime="20221002 11:46:49.454" endtime="20221002 11:46:50.450"/>
</kw>
<status status="FAIL" starttime="20221002 11:46:46.874" endtime="20221002 11:46:50.451"/>
</kw>
<kw name="Filter Results" library="user_defined_ebay">
<status status="NOT RUN" starttime="20221002 11:46:50.451" endtime="20221002 11:46:50.451"/>
</kw>
<kw name="Verify Filter Results" library="user_defined_ebay">
<status status="NOT RUN" starttime="20221002 11:46:50.451" endtime="20221002 11:46:50.451"/>
</kw>
<kw name="Finish Testcase" library="common" type="TEARDOWN">
<kw name="Close Browser" library="SeleniumLibrary">
<doc>Closes the current browser.</doc>
<status status="PASS" starttime="20221002 11:46:50.452" endtime="20221002 11:46:50.551"/>
</kw>
<status status="PASS" starttime="20221002 11:46:50.452" endtime="20221002 11:46:50.551"/>
</kw>
<doc>This test case verifies the basic search functionality for eBay</doc>
<tag>functional</tag>
<status status="FAIL" starttime="20221002 11:46:44.112" endtime="20221002 11:46:50.551">Page should have contained text 'results for mobileeee' but did not.</status>
</test>
<doc>Basic Search Functionality</doc>
<status status="FAIL" starttime="20221002 11:46:43.946" endtime="20221002 11:46:50.552"/>
</suite>
<status status="FAIL" starttime="20221002 11:46:43.944" endtime="20221002 11:46:50.554"/>
</suite>
<status status="FAIL" starttime="20221002 11:46:43.943" endtime="20221002 11:46:50.555"/>
</suite>
<suite id="s1-s2" name="Google" source="/Users/ckz8780/dev/robot-testing/tests/google">
<suite id="s1-s2-s1" name="Functional" source="/Users/ckz8780/dev/robot-testing/tests/google/functional">
<suite id="s1-s2-s1-s1" name="Google Search" source="/Users/ckz8780/dev/robot-testing/tests/google/functional/google_search.robot">
<test id="s1-s2-s1-s1-t1" name="This is a sample test case" line="7">
<kw name="Open Browser" library="SeleniumLibrary">
<arg>https://www.google.com</arg>
<arg>chrome</arg>
<doc>Opens a new browser instance to the optional ``url``.</doc>
<msg timestamp="20221002 11:46:50.565" level="INFO">Opening browser 'chrome' to base url 'https://www.google.com'.</msg>
<status status="PASS" starttime="20221002 11:46:50.564" endtime="20221002 11:46:53.007"/>
</kw>
<kw name="Close Browser" library="SeleniumLibrary">
<doc>Closes the current browser.</doc>
<status status="PASS" starttime="20221002 11:46:53.007" endtime="20221002 11:46:53.078"/>
</kw>
<doc>Google test</doc>
<tag>functional</tag>
<status status="PASS" starttime="20221002 11:46:50.563" endtime="20221002 11:46:53.078"/>
</test>
<status status="PASS" starttime="20221002 11:46:50.561" endtime="20221002 11:46:53.079"/>
</suite>
<status status="PASS" starttime="20221002 11:46:50.559" endtime="20221002 11:46:53.081"/>
</suite>
<status status="PASS" starttime="20221002 11:46:50.556" endtime="20221002 11:46:53.082"/>
</suite>
<status status="FAIL" starttime="20221002 11:46:43.925" endtime="20221002 11:46:53.083"/>
</suite>
<statistics>
<total>
<stat pass="1" fail="1" skip="0">All Tests</stat>
</total>
<tag>
<stat pass="1" fail="1" skip="0">functional</stat>
</tag>
<suite>
<stat pass="1" fail="1" skip="0" id="s1" name="Tests">Tests</stat>
<stat pass="0" fail="1" skip="0" id="s1-s1" name="Ebay">Tests.Ebay</stat>
<stat pass="0" fail="1" skip="0" id="s1-s1-s1" name="Functional">Tests.Ebay.Functional</stat>
<stat pass="0" fail="1" skip="0" id="s1-s1-s1-s1" name="Basic Search">Tests.Ebay.Functional.Basic Search</stat>
<stat pass="1" fail="0" skip="0" id="s1-s2" name="Google">Tests.Google</stat>
<stat pass="1" fail="0" skip="0" id="s1-s2-s1" name="Functional">Tests.Google.Functional</stat>
<stat pass="1" fail="0" skip="0" id="s1-s2-s1-s1" name="Google Search">Tests.Google.Functional.Google Search</stat>
</suite>
</statistics>
<errors>
</errors>
</robot>
