<?xml version="1.0" encoding="UTF-8"?>
<robot generator="Robot 5.0.1 (Python 3.8.12 on darwin)" generated="20221001 19:26:49.243" rpa="false" schemaversion="3">
<suite id="s1" name="Tests" source="/Users/ckz8780/dev/robot-testing/tests">
<suite id="s1-s1" name="Ebay" source="/Users/ckz8780/dev/robot-testing/tests/ebay">
<suite id="s1-s1-s1" name="Functional" source="/Users/ckz8780/dev/robot-testing/tests/ebay/functional">
<suite id="s1-s1-s1-s1" name="Basic Search" source="/Users/ckz8780/dev/robot-testing/tests/ebay/functional/basic_search.robot">
<test id="s1-s1-s1-s1-t1" name="Verify basic search functionality for eBay" line="8">
<kw name="Start Testcase">
<kw name="Open Browser" library="SeleniumLibrary">
<arg>https://www.ebay.com</arg>
<arg>chrome</arg>
<doc>Opens a new browser instance to the optional ``url``.</doc>
<msg timestamp="20221001 19:26:49.421" level="INFO">Opening browser 'chrome' to base url 'https://www.ebay.com'.</msg>
<status status="PASS" starttime="20221001 19:26:49.421" endtime="20221001 19:26:52.132"/>
</kw>
<kw name="Maximize Browser Window" library="SeleniumLibrary">
<doc>Maximizes current browser window.</doc>
<status status="PASS" starttime="20221001 19:26:52.132" endtime="20221001 19:26:52.318"/>
</kw>
<status status="PASS" starttime="20221001 19:26:49.420" endtime="20221001 19:26:52.318"/>
</kw>
<kw name="Verify Search Results">
<kw name="Input Text" library="SeleniumLibrary">
<arg>id:gh-ac</arg>
<arg>mobile</arg>
<doc>Types the given ``text`` into the text field identified by ``locator``.</doc>
<msg timestamp="20221001 19:26:52.319" level="INFO">Typing text 'mobile' into text field 'id:gh-ac'.</msg>
<status status="PASS" starttime="20221001 19:26:52.319" endtime="20221001 19:26:53.278"/>
</kw>
<kw name="Click Button" library="SeleniumLibrary">
<arg>id:gh-btn</arg>
<doc>Clicks the button identified by ``locator``.</doc>
<msg timestamp="20221001 19:26:53.279" level="INFO">Clicking button 'id:gh-btn'.</msg>
<status status="PASS" starttime="20221001 19:26:53.278" endtime="20221001 19:26:55.594"/>
</kw>
<kw name="Page Should Contain" library="SeleniumLibrary">
<arg>results for mobile</arg>
<doc>Verifies that current page contains ``text``.</doc>
<msg timestamp="20221001 19:26:55.782" level="INFO">Current page contains text 'results for mobile'.</msg>
<status status="PASS" starttime="20221001 19:26:55.595" endtime="20221001 19:26:55.782"/>
</kw>
<status status="PASS" starttime="20221001 19:26:52.318" endtime="20221001 19:26:55.782"/>
</kw>
<kw name="Finish Testcase">
<kw name="Close Browser" library="SeleniumLibrary">
<doc>Closes the current browser.</doc>
<status status="PASS" starttime="20221001 19:26:55.783" endtime="20221001 19:26:55.905"/>
</kw>
<status status="PASS" starttime="20221001 19:26:55.782" endtime="20221001 19:26:55.906"/>
</kw>
<doc>This test case verifies the basic search functionality for eBay</doc>
<tag>functional</tag>
<status status="PASS" starttime="20221001 19:26:49.420" endtime="20221001 19:26:55.906"/>
</test>
<doc>Basic Search Functionality</doc>
<status status="PASS" starttime="20221001 19:26:49.266" endtime="20221001 19:26:55.907"/>
</suite>
<status status="PASS" starttime="20221001 19:26:49.265" endtime="20221001 19:26:55.908"/>
</suite>
<status status="PASS" starttime="20221001 19:26:49.263" endtime="20221001 19:26:55.909"/>
</suite>
<suite id="s1-s2" name="Google" source="/Users/ckz8780/dev/robot-testing/tests/google">
<suite id="s1-s2-s1" name="Functional" source="/Users/ckz8780/dev/robot-testing/tests/google/functional">
<suite id="s1-s2-s1-s1" name="Google Search" source="/Users/ckz8780/dev/robot-testing/tests/google/functional/google_search.robot">
<test id="s1-s2-s1-s1-t1" name="This is a sample test case" line="7">
<kw name="Open Browser" library="SeleniumLibrary">
<arg>https://www.google.com</arg>
<arg>chrome</arg>
<doc>Opens a new browser instance to the optional ``url``.</doc>
<msg timestamp="20221001 19:26:55.921" level="INFO">Opening browser 'chrome' to base url 'https://www.google.com'.</msg>
<status status="PASS" starttime="20221001 19:26:55.920" endtime="20221001 19:26:58.377"/>
</kw>
<kw name="Close Browser" library="SeleniumLibrary">
<doc>Closes the current browser.</doc>
<status status="PASS" starttime="20221001 19:26:58.377" endtime="20221001 19:26:58.452"/>
</kw>
<doc>Google test</doc>
<tag>functional</tag>
<status status="PASS" starttime="20221001 19:26:55.919" endtime="20221001 19:26:58.453"/>
</test>
<status status="PASS" starttime="20221001 19:26:55.914" endtime="20221001 19:26:58.454"/>
</suite>
<status status="PASS" starttime="20221001 19:26:55.912" endtime="20221001 19:26:58.455"/>
</suite>
<status status="PASS" starttime="20221001 19:26:55.910" endtime="20221001 19:26:58.457"/>
</suite>
<status status="PASS" starttime="20221001 19:26:49.244" endtime="20221001 19:26:58.458"/>
</suite>
<statistics>
<total>
<stat pass="2" fail="0" skip="0">All Tests</stat>
</total>
<tag>
<stat pass="2" fail="0" skip="0">functional</stat>
</tag>
<suite>
<stat pass="2" fail="0" skip="0" id="s1" name="Tests">Tests</stat>
<stat pass="1" fail="0" skip="0" id="s1-s1" name="Ebay">Tests.Ebay</stat>
<stat pass="1" fail="0" skip="0" id="s1-s1-s1" name="Functional">Tests.Ebay.Functional</stat>
<stat pass="1" fail="0" skip="0" id="s1-s1-s1-s1" name="Basic Search">Tests.Ebay.Functional.Basic Search</stat>
<stat pass="1" fail="0" skip="0" id="s1-s2" name="Google">Tests.Google</stat>
<stat pass="1" fail="0" skip="0" id="s1-s2-s1" name="Functional">Tests.Google.Functional</stat>
<stat pass="1" fail="0" skip="0" id="s1-s2-s1-s1" name="Google Search">Tests.Google.Functional.Google Search</stat>
</suite>
</statistics>
<errors>
</errors>
</robot>
