<?xml version="1.0" encoding="UTF-8"?>
<robot generator="Robot 5.0.1 (Python 3.8.12 on darwin)" generated="20221001 20:46:51.742" rpa="false" schemaversion="3">
<suite id="s1" name="Tests" source="/Users/ckz8780/dev/robot-testing/tests">
<suite id="s1-s1" name="Ebay" source="/Users/ckz8780/dev/robot-testing/tests/ebay">
<suite id="s1-s1-s1" name="Functional" source="/Users/ckz8780/dev/robot-testing/tests/ebay/functional">
<suite id="s1-s1-s1-s1" name="Basic Search" source="/Users/ckz8780/dev/robot-testing/tests/ebay/functional/basic_search.robot">
<test id="s1-s1-s1-s1-t1" name="Verify basic search functionality for eBay" line="10">
<kw name="Start Testcase" library="common">
<kw name="Open Browser" library="SeleniumLibrary">
<arg>https://www.ebay.com</arg>
<arg>chrome</arg>
<doc>Opens a new browser instance to the optional ``url``.</doc>
<msg timestamp="20221001 20:46:51.906" level="INFO">Opening browser 'chrome' to base url 'https://www.ebay.com'.</msg>
<status status="PASS" starttime="20221001 20:46:51.906" endtime="20221001 20:46:54.527"/>
</kw>
<kw name="Maximize Browser Window" library="SeleniumLibrary">
<doc>Maximizes current browser window.</doc>
<status status="PASS" starttime="20221001 20:46:54.527" endtime="20221001 20:46:54.749"/>
</kw>
<status status="PASS" starttime="20221001 20:46:51.906" endtime="20221001 20:46:54.749"/>
</kw>
<kw name="Verify Search Results" library="user_defined_ebay">
<kw name="Input Text" library="SeleniumLibrary">
<arg>id:gh-ac</arg>
<arg>mobile</arg>
<doc>Types the given ``text`` into the text field identified by ``locator``.</doc>
<msg timestamp="20221001 20:46:54.750" level="INFO">Typing text 'mobile' into text field 'id:gh-ac'.</msg>
<status status="PASS" starttime="20221001 20:46:54.750" endtime="20221001 20:46:55.542"/>
</kw>
<kw name="Click Button" library="SeleniumLibrary">
<arg>id:gh-btn</arg>
<doc>Clicks the button identified by ``locator``.</doc>
<msg timestamp="20221001 20:46:55.543" level="INFO">Clicking button 'id:gh-btn'.</msg>
<status status="PASS" starttime="20221001 20:46:55.542" endtime="20221001 20:46:57.467"/>
</kw>
<kw name="Page Should Contain" library="SeleniumLibrary">
<arg>results for mobile</arg>
<doc>Verifies that current page contains ``text``.</doc>
<msg timestamp="20221001 20:46:57.564" level="INFO">Current page contains text 'results for mobile'.</msg>
<status status="PASS" starttime="20221001 20:46:57.467" endtime="20221001 20:46:57.564"/>
</kw>
<status status="PASS" starttime="20221001 20:46:54.750" endtime="20221001 20:46:57.564"/>
</kw>
<kw name="Filter Results" library="user_defined_ebay">
<kw name="Click Element" library="SeleniumLibrary">
<arg>xpath: /html/body/div[5]/div[4]/div[1]/div/div[1]/div[2]/div[2]/span[1]/button/span/span</arg>
<doc>Click the element identified by ``locator``.</doc>
<msg timestamp="20221001 20:46:57.565" level="INFO">Clicking element 'xpath: /html/body/div[5]/div[4]/div[1]/div/div[1]/div[2]/div[2]/span[1]/button/span/span'.</msg>
<status status="PASS" starttime="20221001 20:46:57.565" endtime="20221001 20:46:57.955"/>
</kw>
<kw name="Click Element" library="SeleniumLibrary">
<arg>xpath: /html/body/div[5]/div[4]/div[1]/div/div[1]/div[2]/div[2]/span[1]/span/div/div[2]/span[2]</arg>
<doc>Click the element identified by ``locator``.</doc>
<msg timestamp="20221001 20:46:57.955" level="INFO">Clicking element 'xpath: /html/body/div[5]/div[4]/div[1]/div/div[1]/div[2]/div[2]/span[1]/span/div/div[2]/span[2]'.</msg>
<status status="PASS" starttime="20221001 20:46:57.955" endtime="20221001 20:46:59.786"/>
</kw>
<status status="PASS" starttime="20221001 20:46:57.564" endtime="20221001 20:46:59.786"/>
</kw>
<kw name="Verify Filter Results" library="user_defined_ebay">
<kw name="Element Should Contain" library="SeleniumLibrary">
<arg>xpath: /html/body/div[5]/div[4]/div[2]/div[1]/div[2]/ul/li[1]/div/div/div/div/div/ul/li[1]/div/a/div</arg>
<arg>New</arg>
<doc>Verifies that element ``locator`` contains text ``expected``.</doc>
<msg timestamp="20221001 20:46:59.985" level="INFO">Element 'xpath: /html/body/div[5]/div[4]/div[2]/div[1]/div[2]/ul/li[1]/div/div/div/div/div/ul/li[1]/div/a/div' contains text 'New'.</msg>
<status status="PASS" starttime="20221001 20:46:59.787" endtime="20221001 20:46:59.985"/>
</kw>
<status status="PASS" starttime="20221001 20:46:59.787" endtime="20221001 20:46:59.985"/>
</kw>
<kw name="Finish Testcase" library="common">
<kw name="Close Browser" library="SeleniumLibrary">
<doc>Closes the current browser.</doc>
<status status="PASS" starttime="20221001 20:46:59.986" endtime="20221001 20:47:00.093"/>
</kw>
<status status="PASS" starttime="20221001 20:46:59.985" endtime="20221001 20:47:00.093"/>
</kw>
<doc>This test case verifies the basic search functionality for eBay</doc>
<tag>functional</tag>
<status status="PASS" starttime="20221001 20:46:51.905" endtime="20221001 20:47:00.093"/>
</test>
<doc>Basic Search Functionality</doc>
<status status="PASS" starttime="20221001 20:46:51.765" endtime="20221001 20:47:00.094"/>
</suite>
<status status="PASS" starttime="20221001 20:46:51.764" endtime="20221001 20:47:00.096"/>
</suite>
<status status="PASS" starttime="20221001 20:46:51.762" endtime="20221001 20:47:00.097"/>
</suite>
<suite id="s1-s2" name="Google" source="/Users/ckz8780/dev/robot-testing/tests/google">
<suite id="s1-s2-s1" name="Functional" source="/Users/ckz8780/dev/robot-testing/tests/google/functional">
<suite id="s1-s2-s1-s1" name="Google Search" source="/Users/ckz8780/dev/robot-testing/tests/google/functional/google_search.robot">
<test id="s1-s2-s1-s1-t1" name="This is a sample test case" line="7">
<kw name="Open Browser" library="SeleniumLibrary">
<arg>https://www.google.com</arg>
<arg>chrome</arg>
<doc>Opens a new browser instance to the optional ``url``.</doc>
<msg timestamp="20221001 20:47:00.108" level="INFO">Opening browser 'chrome' to base url 'https://www.google.com'.</msg>
<status status="PASS" starttime="20221001 20:47:00.108" endtime="20221001 20:47:02.340"/>
</kw>
<kw name="Close Browser" library="SeleniumLibrary">
<doc>Closes the current browser.</doc>
<status status="PASS" starttime="20221001 20:47:02.341" endtime="20221001 20:47:02.412"/>
</kw>
<doc>Google test</doc>
<tag>functional</tag>
<status status="PASS" starttime="20221001 20:47:00.106" endtime="20221001 20:47:02.413"/>
</test>
<status status="PASS" starttime="20221001 20:47:00.103" endtime="20221001 20:47:02.414"/>
</suite>
<status status="PASS" starttime="20221001 20:47:00.101" endtime="20221001 20:47:02.416"/>
</suite>
<status status="PASS" starttime="20221001 20:47:00.098" endtime="20221001 20:47:02.418"/>
</suite>
<status status="PASS" starttime="20221001 20:46:51.743" endtime="20221001 20:47:02.419"/>
</suite>
<statistics>
<total>
<stat pass="2" fail="0" skip="0">All Tests</stat>
</total>
<tag>
<stat pass="2" fail="0" skip="0">functional</stat>
</tag>
<suite>
<stat pass="2" fail="0" skip="0" id="s1" name="Tests">Tests</stat>
<stat pass="1" fail="0" skip="0" id="s1-s1" name="Ebay">Tests.Ebay</stat>
<stat pass="1" fail="0" skip="0" id="s1-s1-s1" name="Functional">Tests.Ebay.Functional</stat>
<stat pass="1" fail="0" skip="0" id="s1-s1-s1-s1" name="Basic Search">Tests.Ebay.Functional.Basic Search</stat>
<stat pass="1" fail="0" skip="0" id="s1-s2" name="Google">Tests.Google</stat>
<stat pass="1" fail="0" skip="0" id="s1-s2-s1" name="Functional">Tests.Google.Functional</stat>
<stat pass="1" fail="0" skip="0" id="s1-s2-s1-s1" name="Google Search">Tests.Google.Functional.Google Search</stat>
</suite>
</statistics>
<errors>
</errors>
</robot>
