<?xml version="1.0" encoding="UTF-8"?>
<robot generator="Robot 5.0.1 (Python 3.8.12 on darwin)" generated="20221002 16:04:23.287" rpa="false" schemaversion="3">
<suite id="s1" name="Tests" source="/Users/ckz8780/dev/robot-testing/Tests">
<suite id="s1-s1" name="ArgumentsDemo" source="/Users/ckz8780/dev/robot-testing/Tests/ArgumentsDemo.robot">
<test id="s1-s1-t1" name="Arguments Demo Test 1" line="4">
<kw name="Arguments Demo Keyword">
<arg>Hello</arg>
<arg>World!</arg>
<kw name="Log" library="BuiltIn">
<arg>${arg1}</arg>
<doc>Logs the given message with the given level.</doc>
<msg timestamp="20221002 16:04:23.312" level="INFO">Hello</msg>
<status status="PASS" starttime="20221002 16:04:23.311" endtime="20221002 16:04:23.312"/>
</kw>
<kw name="Log" library="BuiltIn">
<arg>${arg2}</arg>
<doc>Logs the given message with the given level.</doc>
<msg timestamp="20221002 16:04:23.312" level="INFO">World!</msg>
<status status="PASS" starttime="20221002 16:04:23.312" endtime="20221002 16:04:23.312"/>
</kw>
<status status="PASS" starttime="20221002 16:04:23.311" endtime="20221002 16:04:23.312"/>
</kw>
<status status="PASS" starttime="20221002 16:04:23.310" endtime="20221002 16:04:23.312"/>
</test>
<test id="s1-s1-t2" name="Arguments Demo Test 2" line="8">
<kw name="Arguments Demo Keyword">
<arg>Goodbye</arg>
<arg>Cruel world!</arg>
<kw name="Log" library="BuiltIn">
<arg>${arg1}</arg>
<doc>Logs the given message with the given level.</doc>
<msg timestamp="20221002 16:04:23.314" level="INFO">Goodbye</msg>
<status status="PASS" starttime="20221002 16:04:23.313" endtime="20221002 16:04:23.314"/>
</kw>
<kw name="Log" library="BuiltIn">
<arg>${arg2}</arg>
<doc>Logs the given message with the given level.</doc>
<msg timestamp="20221002 16:04:23.314" level="INFO">Cruel world!</msg>
<status status="PASS" starttime="20221002 16:04:23.314" endtime="20221002 16:04:23.314"/>
</kw>
<status status="PASS" starttime="20221002 16:04:23.313" endtime="20221002 16:04:23.314"/>
</kw>
<status status="PASS" starttime="20221002 16:04:23.313" endtime="20221002 16:04:23.314"/>
</test>
<status status="PASS" starttime="20221002 16:04:23.309" endtime="20221002 16:04:23.315"/>
</suite>
<suite id="s1-s2" name="Ebay" source="/Users/ckz8780/dev/robot-testing/Tests/Ebay">
<suite id="s1-s2-s1" name="FunctionalTests" source="/Users/ckz8780/dev/robot-testing/Tests/Ebay/FunctionalTests">
<suite id="s1-s2-s1-s1" name="BasicSearch" source="/Users/ckz8780/dev/robot-testing/Tests/Ebay/FunctionalTests/BasicSearch.robot">
<test id="s1-s2-s1-s1-t1" name="Verify Basic Search Functionality" line="14">
<kw name="Start Testcase" library="CommonFunctionality" type="SETUP">
<kw name="Open Browser" library="SeleniumLibrary">
<arg>https://www.ebay.com</arg>
<arg>chrome</arg>
<doc>Opens a new browser instance to the optional ``url``.</doc>
<msg timestamp="20221002 16:04:23.491" level="INFO">Opening browser 'chrome' to base url 'https://www.ebay.com'.</msg>
<status status="PASS" starttime="20221002 16:04:23.491" endtime="20221002 16:04:26.274"/>
</kw>
<kw name="Maximize Browser Window" library="SeleniumLibrary">
<doc>Maximizes current browser window.</doc>
<status status="PASS" starttime="20221002 16:04:26.274" endtime="20221002 16:04:26.515"/>
</kw>
<status status="PASS" starttime="20221002 16:04:23.490" endtime="20221002 16:04:26.515"/>
</kw>
<kw name="Input Search Text and Click Search" library="HeaderPage">
<arg>mobile</arg>
<kw name="Input Text" library="SeleniumLibrary">
<arg>${headerpage_search_box}</arg>
<arg>${search_text}</arg>
<doc>Types the given ``text`` into the text field identified by ``locator``.</doc>
<msg timestamp="20221002 16:04:26.517" level="INFO">Typing text 'mobile' into text field 'id:gh-ac'.</msg>
<status status="PASS" starttime="20221002 16:04:26.516" endtime="20221002 16:04:26.989"/>
</kw>
<kw name="Click Button" library="SeleniumLibrary">
<arg>${headerpage_search_button}</arg>
<doc>Clicks the button identified by ``locator``.</doc>
<msg timestamp="20221002 16:04:26.989" level="INFO">Clicking button 'id:gh-btn'.</msg>
<status status="PASS" starttime="20221002 16:04:26.989" endtime="20221002 16:04:29.320"/>
</kw>
<status status="PASS" starttime="20221002 16:04:26.515" endtime="20221002 16:04:29.320"/>
</kw>
<kw name="Verify Search Results" library="SearchResultsPage">
<arg>mobile</arg>
<kw name="Page Should Contain" library="SeleniumLibrary">
<arg>${searchresultspage_results_for_text} ${search_text}</arg>
<doc>Verifies that current page contains ``text``.</doc>
<msg timestamp="20221002 16:04:29.501" level="INFO">Current page contains text 'results for mobile'.</msg>
<status status="PASS" starttime="20221002 16:04:29.321" endtime="20221002 16:04:29.501"/>
</kw>
<status status="PASS" starttime="20221002 16:04:29.321" endtime="20221002 16:04:29.501"/>
</kw>
<kw name="Finish Testcase" library="CommonFunctionality" type="TEARDOWN">
<kw name="Close Browser" library="SeleniumLibrary">
<doc>Closes the current browser.</doc>
<status status="PASS" starttime="20221002 16:04:29.502" endtime="20221002 16:04:29.597"/>
</kw>
<status status="PASS" starttime="20221002 16:04:29.501" endtime="20221002 16:04:29.597"/>
</kw>
<doc>This test case verifies the basic search functionality for eBay</doc>
<tag>functional</tag>
<status status="PASS" starttime="20221002 16:04:23.490" endtime="20221002 16:04:29.597"/>
</test>
<test id="s1-s2-s1-s1-t2" name="Verify Search for Books" line="22">
<kw name="Start Testcase" library="CommonFunctionality" type="SETUP">
<kw name="Open Browser" library="SeleniumLibrary">
<arg>https://www.ebay.com</arg>
<arg>chrome</arg>
<doc>Opens a new browser instance to the optional ``url``.</doc>
<msg timestamp="20221002 16:04:29.599" level="INFO">Opening browser 'chrome' to base url 'https://www.ebay.com'.</msg>
<status status="PASS" starttime="20221002 16:04:29.599" endtime="20221002 16:04:32.230"/>
</kw>
<kw name="Maximize Browser Window" library="SeleniumLibrary">
<doc>Maximizes current browser window.</doc>
<status status="PASS" starttime="20221002 16:04:32.231" endtime="20221002 16:04:32.421"/>
</kw>
<status status="PASS" starttime="20221002 16:04:29.599" endtime="20221002 16:04:32.422"/>
</kw>
<kw name="Input Search Text and Click Search" library="HeaderPage">
<arg>book</arg>
<kw name="Input Text" library="SeleniumLibrary">
<arg>${headerpage_search_box}</arg>
<arg>${search_text}</arg>
<doc>Types the given ``text`` into the text field identified by ``locator``.</doc>
<msg timestamp="20221002 16:04:32.423" level="INFO">Typing text 'book' into text field 'id:gh-ac'.</msg>
<status status="PASS" starttime="20221002 16:04:32.423" endtime="20221002 16:04:33.304"/>
</kw>
<kw name="Click Button" library="SeleniumLibrary">
<arg>${headerpage_search_button}</arg>
<doc>Clicks the button identified by ``locator``.</doc>
<msg timestamp="20221002 16:04:33.304" level="INFO">Clicking button 'id:gh-btn'.</msg>
<status status="PASS" starttime="20221002 16:04:33.304" endtime="20221002 16:04:39.960"/>
</kw>
<status status="PASS" starttime="20221002 16:04:32.422" endtime="20221002 16:04:39.961"/>
</kw>
<kw name="Verify Search Results" library="SearchResultsPage">
<arg>book</arg>
<kw name="Page Should Contain" library="SeleniumLibrary">
<arg>${searchresultspage_results_for_text} ${search_text}</arg>
<doc>Verifies that current page contains ``text``.</doc>
<msg timestamp="20221002 16:04:40.026" level="INFO">Current page contains text 'results for book'.</msg>
<status status="PASS" starttime="20221002 16:04:39.961" endtime="20221002 16:04:40.027"/>
</kw>
<status status="PASS" starttime="20221002 16:04:39.961" endtime="20221002 16:04:40.027"/>
</kw>
<kw name="Finish Testcase" library="CommonFunctionality" type="TEARDOWN">
<kw name="Close Browser" library="SeleniumLibrary">
<doc>Closes the current browser.</doc>
<status status="PASS" starttime="20221002 16:04:40.027" endtime="20221002 16:04:40.125"/>
</kw>
<status status="PASS" starttime="20221002 16:04:40.027" endtime="20221002 16:04:40.125"/>
</kw>
<doc>This test case verifies we can search for a specific term</doc>
<tag>functional</tag>
<status status="PASS" starttime="20221002 16:04:29.598" endtime="20221002 16:04:40.125"/>
</test>
<test id="s1-s2-s1-s1-t3" name="Verify Search for Model Airplanes" line="30">
<kw name="Start Testcase" library="CommonFunctionality" type="SETUP">
<kw name="Open Browser" library="SeleniumLibrary">
<arg>https://www.ebay.com</arg>
<arg>chrome</arg>
<doc>Opens a new browser instance to the optional ``url``.</doc>
<msg timestamp="20221002 16:04:40.128" level="INFO">Opening browser 'chrome' to base url 'https://www.ebay.com'.</msg>
<status status="PASS" starttime="20221002 16:04:40.127" endtime="20221002 16:04:42.748"/>
</kw>
<kw name="Maximize Browser Window" library="SeleniumLibrary">
<doc>Maximizes current browser window.</doc>
<status status="PASS" starttime="20221002 16:04:42.749" endtime="20221002 16:04:42.937"/>
</kw>
<status status="PASS" starttime="20221002 16:04:40.127" endtime="20221002 16:04:42.937"/>
</kw>
<kw name="Input Search Text and Click Search" library="HeaderPage">
<arg>model airplane</arg>
<kw name="Input Text" library="SeleniumLibrary">
<arg>${headerpage_search_box}</arg>
<arg>${search_text}</arg>
<doc>Types the given ``text`` into the text field identified by ``locator``.</doc>
<msg timestamp="20221002 16:04:42.938" level="INFO">Typing text 'model airplane' into text field 'id:gh-ac'.</msg>
<status status="PASS" starttime="20221002 16:04:42.938" endtime="20221002 16:04:43.825"/>
</kw>
<kw name="Click Button" library="SeleniumLibrary">
<arg>${headerpage_search_button}</arg>
<doc>Clicks the button identified by ``locator``.</doc>
<msg timestamp="20221002 16:04:43.826" level="INFO">Clicking button 'id:gh-btn'.</msg>
<status status="PASS" starttime="20221002 16:04:43.825" endtime="20221002 16:04:45.539"/>
</kw>
<status status="PASS" starttime="20221002 16:04:42.937" endtime="20221002 16:04:45.540"/>
</kw>
<kw name="Verify Search Results" library="SearchResultsPage">
<arg>model airplane</arg>
<kw name="Page Should Contain" library="SeleniumLibrary">
<arg>${searchresultspage_results_for_text} ${search_text}</arg>
<doc>Verifies that current page contains ``text``.</doc>
<msg timestamp="20221002 16:04:45.728" level="INFO">Current page contains text 'results for model airplane'.</msg>
<status status="PASS" starttime="20221002 16:04:45.540" endtime="20221002 16:04:45.728"/>
</kw>
<status status="PASS" starttime="20221002 16:04:45.540" endtime="20221002 16:04:45.728"/>
</kw>
<kw name="Finish Testcase" library="CommonFunctionality" type="TEARDOWN">
<kw name="Close Browser" library="SeleniumLibrary">
<doc>Closes the current browser.</doc>
<status status="PASS" starttime="20221002 16:04:45.729" endtime="20221002 16:04:45.827"/>
</kw>
<status status="PASS" starttime="20221002 16:04:45.729" endtime="20221002 16:04:45.827"/>
</kw>
<doc>This test case verifies we can search for a specific term</doc>
<tag>functional</tag>
<status status="PASS" starttime="20221002 16:04:40.126" endtime="20221002 16:04:45.827"/>
</test>
<test id="s1-s2-s1-s1-t4" name="Verify Search Filtering" line="38">
<kw name="Start Testcase" library="CommonFunctionality" type="SETUP">
<kw name="Open Browser" library="SeleniumLibrary">
<arg>https://www.ebay.com</arg>
<arg>chrome</arg>
<doc>Opens a new browser instance to the optional ``url``.</doc>
<msg timestamp="20221002 16:04:45.829" level="INFO">Opening browser 'chrome' to base url 'https://www.ebay.com'.</msg>
<status status="PASS" starttime="20221002 16:04:45.829" endtime="20221002 16:04:48.416"/>
</kw>
<kw name="Maximize Browser Window" library="SeleniumLibrary">
<doc>Maximizes current browser window.</doc>
<status status="PASS" starttime="20221002 16:04:48.416" endtime="20221002 16:04:48.594"/>
</kw>
<status status="PASS" starttime="20221002 16:04:45.829" endtime="20221002 16:04:48.595"/>
</kw>
<kw name="Input Search Text and Click Search" library="HeaderPage">
<arg>mobile</arg>
<kw name="Input Text" library="SeleniumLibrary">
<arg>${headerpage_search_box}</arg>
<arg>${search_text}</arg>
<doc>Types the given ``text`` into the text field identified by ``locator``.</doc>
<msg timestamp="20221002 16:04:48.596" level="INFO">Typing text 'mobile' into text field 'id:gh-ac'.</msg>
<status status="PASS" starttime="20221002 16:04:48.596" endtime="20221002 16:04:49.464"/>
</kw>
<kw name="Click Button" library="SeleniumLibrary">
<arg>${headerpage_search_button}</arg>
<doc>Clicks the button identified by ``locator``.</doc>
<msg timestamp="20221002 16:04:49.464" level="INFO">Clicking button 'id:gh-btn'.</msg>
<status status="PASS" starttime="20221002 16:04:49.464" endtime="20221002 16:04:51.590"/>
</kw>
<status status="PASS" starttime="20221002 16:04:48.595" endtime="20221002 16:04:51.591"/>
</kw>
<kw name="Verify Search Results" library="SearchResultsPage">
<arg>mobile</arg>
<kw name="Page Should Contain" library="SeleniumLibrary">
<arg>${searchresultspage_results_for_text} ${search_text}</arg>
<doc>Verifies that current page contains ``text``.</doc>
<msg timestamp="20221002 16:04:51.654" level="INFO">Current page contains text 'results for mobile'.</msg>
<status status="PASS" starttime="20221002 16:04:51.591" endtime="20221002 16:04:51.654"/>
</kw>
<status status="PASS" starttime="20221002 16:04:51.591" endtime="20221002 16:04:51.654"/>
</kw>
<kw name="Select Product Condition" library="SearchResultsPage">
<kw name="Click Element" library="SeleniumLibrary">
<arg>${searchresultspage_condition_dropdown_xpath}</arg>
<doc>Click the element identified by ``locator``.</doc>
<msg timestamp="20221002 16:04:51.655" level="INFO">Clicking element 'xpath: /html/body/div[5]/div[4]/div[1]/div/div[1]/div[2]/div[2]/span[1]/button/span/span'.</msg>
<status status="PASS" starttime="20221002 16:04:51.655" endtime="20221002 16:04:52.038"/>
</kw>
<kw name="Click Element" library="SeleniumLibrary">
<arg>${searchresultspage_condition_new_xpath}</arg>
<doc>Click the element identified by ``locator``.</doc>
<msg timestamp="20221002 16:04:52.039" level="INFO">Clicking element 'xpath: /html/body/div[5]/div[4]/div[1]/div/div[1]/div[2]/div[2]/span[1]/span/div/div[2]/span[2]'.</msg>
<status status="PASS" starttime="20221002 16:04:52.038" endtime="20221002 16:04:53.710"/>
</kw>
<status status="PASS" starttime="20221002 16:04:51.654" endtime="20221002 16:04:53.710"/>
</kw>
<kw name="Select Delivery Options" library="SearchResultsPage">
<kw name="Click Element" library="SeleniumLibrary">
<arg>${searchresultspage_shipping_dropdown_xpath}</arg>
<doc>Click the element identified by ``locator``.</doc>
<msg timestamp="20221002 16:04:53.711" level="INFO">Clicking element 'xpath: /html/body/div[5]/div[4]/div[1]/div/div[1]/div[2]/div[2]/span[2]/button/span/span'.</msg>
<status status="PASS" starttime="20221002 16:04:53.711" endtime="20221002 16:04:53.948"/>
</kw>
<kw name="Click Element" library="SeleniumLibrary">
<arg>${searchresultspage_shipping_free_xpath}</arg>
<doc>Click the element identified by ``locator``.</doc>
<msg timestamp="20221002 16:04:53.949" level="INFO">Clicking element 'xpath: /html/body/div[5]/div[4]/div[1]/div/div[1]/div[2]/div[2]/span[2]/span/div/div/span[2]'.</msg>
<status status="PASS" starttime="20221002 16:04:53.948" endtime="20221002 16:04:55.674"/>
</kw>
<status status="PASS" starttime="20221002 16:04:53.710" endtime="20221002 16:04:55.674"/>
</kw>
<kw name="Verify Filter Results" library="SearchResultsPage">
<kw name="Click Element" library="SeleniumLibrary">
<arg>${searchresultspage_filters_applied_btn_xpath}</arg>
<doc>Click the element identified by ``locator``.</doc>
<msg timestamp="20221002 16:04:55.675" level="INFO">Clicking element 'xpath: /html/body/div[5]/div[4]/div[2]/div[1]/div[2]/ul/li[1]/div/div/div/div/div/ul/li[1]/div/div/button'.</msg>
<status status="PASS" starttime="20221002 16:04:55.674" endtime="20221002 16:04:56.045"/>
</kw>
<kw name="Element Should Contain" library="SeleniumLibrary">
<arg>${searchresultspage_shipping_free_element_xpath}</arg>
<arg>${searchresultspage_shipping_filter_expected_text}</arg>
<doc>Verifies that element ``locator`` contains text ``expected``.</doc>
<msg timestamp="20221002 16:04:56.210" level="INFO">Element 'xpath: /html/body/div[5]/div[4]/div[2]/div[1]/div[2]/ul/li[1]/div/div/div/div/div/ul/li[1]/div/div/div/ul/li[1]/a' contains text 'Free shipping'.</msg>
<status status="PASS" starttime="20221002 16:04:56.045" endtime="20221002 16:04:56.211"/>
</kw>
<kw name="Element Text Should Be" library="SeleniumLibrary">
<arg>${searchresultspage_shipping_free_remove_element_xpath}</arg>
<arg>${searchresultspage_remove_filter_expected_text}</arg>
<doc>Verifies that element ``locator`` contains exact the text ``expected``.</doc>
<msg timestamp="20221002 16:04:56.211" level="INFO">Verifying element 'xpath: /html/body/div[5]/div[4]/div[2]/div[1]/div[2]/ul/li[1]/div/div/div/div/div/ul/li[1]/div/div/div/ul/li[1]/a/span' contains exact text 'Remove filter'.</msg>
<status status="PASS" starttime="20221002 16:04:56.211" endtime="20221002 16:04:56.230"/>
</kw>
<kw name="Element Should Contain" library="SeleniumLibrary">
<arg>${searchresultspage_condition_new_element_xpath}</arg>
<arg>${searchresultspage_condition_filter_expected_text}</arg>
<doc>Verifies that element ``locator`` contains text ``expected``.</doc>
<msg timestamp="20221002 16:04:56.250" level="INFO">Element 'xpath: /html/body/div[5]/div[4]/div[2]/div[1]/div[2]/ul/li[1]/div/div/div/div/div/ul/li[1]/div/div/div/ul/li[2]/a' contains text 'New'.</msg>
<status status="PASS" starttime="20221002 16:04:56.230" endtime="20221002 16:04:56.250"/>
</kw>
<kw name="Element Text Should Be" library="SeleniumLibrary">
<arg>${searchresultspage_condition_new_remove_element_xpath}</arg>
<arg>${searchresultspage_remove_filter_expected_text}</arg>
<doc>Verifies that element ``locator`` contains exact the text ``expected``.</doc>
<msg timestamp="20221002 16:04:56.250" level="INFO">Verifying element 'xpath: /html/body/div[5]/div[4]/div[2]/div[1]/div[2]/ul/li[1]/div/div/div/div/div/ul/li[1]/div/div/div/ul/li[2]/a/span' contains exact text 'Remove filter'.</msg>
<status status="PASS" starttime="20221002 16:04:56.250" endtime="20221002 16:04:56.268"/>
</kw>
<status status="PASS" starttime="20221002 16:04:55.674" endtime="20221002 16:04:56.268"/>
</kw>
<kw name="Finish Testcase" library="CommonFunctionality" type="TEARDOWN">
<kw name="Close Browser" library="SeleniumLibrary">
<doc>Closes the current browser.</doc>
<status status="PASS" starttime="20221002 16:04:56.269" endtime="20221002 16:04:56.375"/>
</kw>
<status status="PASS" starttime="20221002 16:04:56.268" endtime="20221002 16:04:56.376"/>
</kw>
<doc>This test verifies that searches can be filtered</doc>
<tag>functional</tag>
<status status="PASS" starttime="20221002 16:04:45.828" endtime="20221002 16:04:56.376"/>
</test>
<test id="s1-s2-s1-s1-t5" name="Verify Advanced Search Functionality" line="50">
<kw name="Start Testcase" library="CommonFunctionality" type="SETUP">
<kw name="Open Browser" library="SeleniumLibrary">
<arg>https://www.ebay.com</arg>
<arg>chrome</arg>
<doc>Opens a new browser instance to the optional ``url``.</doc>
<msg timestamp="20221002 16:04:56.378" level="INFO">Opening browser 'chrome' to base url 'https://www.ebay.com'.</msg>
<status status="PASS" starttime="20221002 16:04:56.378" endtime="20221002 16:04:58.871"/>
</kw>
<kw name="Maximize Browser Window" library="SeleniumLibrary">
<doc>Maximizes current browser window.</doc>
<status status="PASS" starttime="20221002 16:04:58.872" endtime="20221002 16:04:59.051"/>
</kw>
<status status="PASS" starttime="20221002 16:04:56.377" endtime="20221002 16:04:59.051"/>
</kw>
<kw name="Click Advanced Search Link" library="HeaderPage">
<kw name="Click Element" library="SeleniumLibrary">
<arg>${headerpage_advanced_search_link}</arg>
<doc>Click the element identified by ``locator``.</doc>
<msg timestamp="20221002 16:04:59.053" level="INFO">Clicking element 'xpath://*[@id="gh-as-a"]'.</msg>
<status status="PASS" starttime="20221002 16:04:59.052" endtime="20221002 16:05:00.129"/>
</kw>
<status status="PASS" starttime="20221002 16:04:59.051" endtime="20221002 16:05:00.129"/>
</kw>
<kw name="Finish Testcase" library="CommonFunctionality" type="TEARDOWN">
<kw name="Close Browser" library="SeleniumLibrary">
<doc>Closes the current browser.</doc>
<status status="PASS" starttime="20221002 16:05:00.130" endtime="20221002 16:05:00.220"/>
</kw>
<status status="PASS" starttime="20221002 16:05:00.130" endtime="20221002 16:05:00.220"/>
</kw>
<doc>This test case verifies the advanced search functionality for eBay</doc>
<tag>functional</tag>
<status status="PASS" starttime="20221002 16:04:56.376" endtime="20221002 16:05:00.220"/>
</test>
<doc>Basic Search Functionality</doc>
<status status="PASS" starttime="20221002 16:04:23.318" endtime="20221002 16:05:00.221"/>
</suite>
<status status="PASS" starttime="20221002 16:04:23.317" endtime="20221002 16:05:00.224"/>
</suite>
<status status="PASS" starttime="20221002 16:04:23.315" endtime="20221002 16:05:00.226"/>
</suite>
<suite id="s1-s3" name="Google" source="/Users/ckz8780/dev/robot-testing/Tests/Google">
<suite id="s1-s3-s1" name="FunctionalTests" source="/Users/ckz8780/dev/robot-testing/Tests/Google/FunctionalTests">
<suite id="s1-s3-s1-s1" name="GoogleSearch" source="/Users/ckz8780/dev/robot-testing/Tests/Google/FunctionalTests/GoogleSearch.robot">
<test id="s1-s3-s1-s1-t1" name="This is a sample test case" line="7">
<kw name="Open Browser" library="SeleniumLibrary">
<arg>https://www.google.com</arg>
<arg>chrome</arg>
<doc>Opens a new browser instance to the optional ``url``.</doc>
<msg timestamp="20221002 16:05:00.236" level="INFO">Opening browser 'chrome' to base url 'https://www.google.com'.</msg>
<status status="PASS" starttime="20221002 16:05:00.235" endtime="20221002 16:05:02.604"/>
</kw>
<kw name="Close Browser" library="SeleniumLibrary">
<doc>Closes the current browser.</doc>
<status status="PASS" starttime="20221002 16:05:02.604" endtime="20221002 16:05:02.676"/>
</kw>
<doc>This is a sample test that opens the Chrome browser to google.com and then closes it</doc>
<tag>functional</tag>
<status status="PASS" starttime="20221002 16:05:00.234" endtime="20221002 16:05:02.676"/>
</test>
<status status="PASS" starttime="20221002 16:05:00.232" endtime="20221002 16:05:02.677"/>
</suite>
<status status="PASS" starttime="20221002 16:05:00.230" endtime="20221002 16:05:02.679"/>
</suite>
<status status="PASS" starttime="20221002 16:05:00.227" endtime="20221002 16:05:02.680"/>
</suite>
<suite id="s1-s4" name="VariableScope" source="/Users/ckz8780/dev/robot-testing/Tests/VariableScope.robot">
<test id="s1-s4-t1" name="Demo Test 1" line="9">
<kw name="Set Variable" library="BuiltIn">
<var>${testcase_variable}</var>
<arg>This is a testcase variable</arg>
<doc>Returns the given values which can then be assigned to a variables.</doc>
<msg timestamp="20221002 16:05:02.685" level="INFO">${testcase_variable} = This is a testcase variable</msg>
<status status="PASS" starttime="20221002 16:05:02.685" endtime="20221002 16:05:02.685"/>
</kw>
<kw name="Log" library="BuiltIn">
<arg>${GLOBAL_VARIABLE}</arg>
<doc>Logs the given message with the given level.</doc>
<msg timestamp="20221002 16:05:02.685" level="INFO">This is a global variable</msg>
<status status="PASS" starttime="20221002 16:05:02.685" endtime="20221002 16:05:02.685"/>
</kw>
<kw name="Log" library="BuiltIn">
<arg>${testcase_variable}</arg>
<doc>Logs the given message with the given level.</doc>
<msg timestamp="20221002 16:05:02.686" level="INFO">This is a testcase variable</msg>
<status status="PASS" starttime="20221002 16:05:02.686" endtime="20221002 16:05:02.686"/>
</kw>
<status status="PASS" starttime="20221002 16:05:02.684" endtime="20221002 16:05:02.686"/>
</test>
<test id="s1-s4-t2" name="Demo Test 2" line="15">
<kw name="Log" library="BuiltIn">
<arg>${GLOBAL_VARIABLE}</arg>
<doc>Logs the given message with the given level.</doc>
<msg timestamp="20221002 16:05:02.687" level="INFO">This is a global variable</msg>
<status status="PASS" starttime="20221002 16:05:02.687" endtime="20221002 16:05:02.687"/>
</kw>
<status status="PASS" starttime="20221002 16:05:02.687" endtime="20221002 16:05:02.687"/>
</test>
<test id="s1-s4-t3" name="Demo Test 3" line="19">
<kw name="Demo Keyword 1">
<kw name="Log" library="BuiltIn">
<arg>${GLOBAL_VARIABLE}</arg>
<doc>Logs the given message with the given level.</doc>
<msg timestamp="20221002 16:05:02.689" level="INFO">This is a global variable</msg>
<status status="PASS" starttime="20221002 16:05:02.689" endtime="20221002 16:05:02.689"/>
</kw>
<kw name="Log" library="BuiltIn">
<arg>${keyword_variable}</arg>
<doc>Logs the given message with the given level.</doc>
<msg timestamp="20221002 16:05:02.690" level="INFO">This is a keyword variable</msg>
<status status="PASS" starttime="20221002 16:05:02.689" endtime="20221002 16:05:02.690"/>
</kw>
<status status="PASS" starttime="20221002 16:05:02.688" endtime="20221002 16:05:02.690"/>
</kw>
<status status="PASS" starttime="20221002 16:05:02.688" endtime="20221002 16:05:02.690"/>
</test>
<status status="PASS" starttime="20221002 16:05:02.681" endtime="20221002 16:05:02.691"/>
</suite>
<status status="PASS" starttime="20221002 16:04:23.289" endtime="20221002 16:05:02.692"/>
</suite>
<statistics>
<total>
<stat pass="11" fail="0" skip="0">All Tests</stat>
</total>
<tag>
<stat pass="6" fail="0" skip="0">functional</stat>
</tag>
<suite>
<stat pass="11" fail="0" skip="0" id="s1" name="Tests">Tests</stat>
<stat pass="2" fail="0" skip="0" id="s1-s1" name="ArgumentsDemo">Tests.ArgumentsDemo</stat>
<stat pass="5" fail="0" skip="0" id="s1-s2" name="Ebay">Tests.Ebay</stat>
<stat pass="5" fail="0" skip="0" id="s1-s2-s1" name="FunctionalTests">Tests.Ebay.FunctionalTests</stat>
<stat pass="5" fail="0" skip="0" id="s1-s2-s1-s1" name="BasicSearch">Tests.Ebay.FunctionalTests.BasicSearch</stat>
<stat pass="1" fail="0" skip="0" id="s1-s3" name="Google">Tests.Google</stat>
<stat pass="1" fail="0" skip="0" id="s1-s3-s1" name="FunctionalTests">Tests.Google.FunctionalTests</stat>
<stat pass="1" fail="0" skip="0" id="s1-s3-s1-s1" name="GoogleSearch">Tests.Google.FunctionalTests.GoogleSearch</stat>
<stat pass="3" fail="0" skip="0" id="s1-s4" name="VariableScope">Tests.VariableScope</stat>
</suite>
</statistics>
<errors>
</errors>
</robot>
