<?xml version="1.0" encoding="UTF-8"?>
<robot generator="Robot 5.0.1 (Python 3.8.12 on darwin)" generated="20221002 11:42:02.359" rpa="false" schemaversion="3">
<suite id="s1" name="Tests" source="/Users/ckz8780/dev/robot-testing/tests">
<suite id="s1-s1" name="Ebay" source="/Users/ckz8780/dev/robot-testing/tests/ebay">
<suite id="s1-s1-s1" name="Functional" source="/Users/ckz8780/dev/robot-testing/tests/ebay/functional">
<suite id="s1-s1-s1-s1" name="Basic Search" source="/Users/ckz8780/dev/robot-testing/tests/ebay/functional/basic_search.robot">
<test id="s1-s1-s1-s1-t1" name="Verify basic search functionality for eBay" line="12">
<kw name="Start Testcase" library="common" type="SETUP">
<kw name="Open Browser" library="SeleniumLibrary">
<arg>https://www.ebay.com</arg>
<arg>chrome</arg>
<doc>Opens a new browser instance to the optional ``url``.</doc>
<msg timestamp="20221002 11:42:02.560" level="INFO">Opening browser 'chrome' to base url 'https://www.ebay.com'.</msg>
<status status="PASS" starttime="20221002 11:42:02.560" endtime="20221002 11:42:05.321"/>
</kw>
<kw name="Maximize Browser Window" library="SeleniumLibrary">
<doc>Maximizes current browser window.</doc>
<status status="PASS" starttime="20221002 11:42:05.321" endtime="20221002 11:42:05.500"/>
</kw>
<status status="PASS" starttime="20221002 11:42:02.559" endtime="20221002 11:42:05.500"/>
</kw>
<kw name="Verify Search Results" library="user_defined_ebay">
<kw name="Input Text" library="SeleniumLibrary">
<arg>id:gh-ac</arg>
<arg>mobile</arg>
<doc>Types the given ``text`` into the text field identified by ``locator``.</doc>
<msg timestamp="20221002 11:42:05.501" level="INFO">Typing text 'mobile' into text field 'id:gh-ac'.</msg>
<status status="PASS" starttime="20221002 11:42:05.501" endtime="20221002 11:42:05.853"/>
</kw>
<kw name="Click Button" library="SeleniumLibrary">
<arg>id:gh-btn</arg>
<doc>Clicks the button identified by ``locator``.</doc>
<msg timestamp="20221002 11:42:05.853" level="INFO">Clicking button 'id:gh-btn'.</msg>
<status status="PASS" starttime="20221002 11:42:05.853" endtime="20221002 11:42:07.705"/>
</kw>
<kw name="Page Should Contain" library="SeleniumLibrary">
<arg>results for mobileeee</arg>
<doc>Verifies that current page contains ``text``.</doc>
<msg timestamp="20221002 11:42:08.941" level="INFO" html="true">&lt;/td&gt;&lt;/tr&gt;&lt;tr&gt;&lt;td colspan="3"&gt;&lt;a href="selenium-screenshot-1.png"&gt;&lt;img src="selenium-screenshot-1.png" width="800px"&gt;&lt;/a&gt;</msg>
<msg timestamp="20221002 11:42:08.942" level="FAIL">Page should have contained text 'results for mobileeee' but did not.</msg>
<status status="FAIL" starttime="20221002 11:42:07.705" endtime="20221002 11:42:08.961"/>
</kw>
<status status="FAIL" starttime="20221002 11:42:05.501" endtime="20221002 11:42:08.962"/>
</kw>
<kw name="Filter Results" library="user_defined_ebay">
<status status="NOT RUN" starttime="20221002 11:42:08.962" endtime="20221002 11:42:08.962"/>
</kw>
<kw name="Verify Filter Results" library="user_defined_ebay">
<status status="NOT RUN" starttime="20221002 11:42:08.962" endtime="20221002 11:42:08.963"/>
</kw>
<kw name="Finish Testcase" library="common" type="TEARDOWN">
<kw name="Close Browser" library="SeleniumLibrary">
<doc>Closes the current browser.</doc>
<status status="PASS" starttime="20221002 11:42:08.963" endtime="20221002 11:42:09.074"/>
</kw>
<status status="PASS" starttime="20221002 11:42:08.963" endtime="20221002 11:42:09.074"/>
</kw>
<doc>This test case verifies the basic search functionality for eBay</doc>
<tag>functional</tag>
<status status="FAIL" starttime="20221002 11:42:02.558" endtime="20221002 11:42:09.074">Page should have contained text 'results for mobileeee' but did not.</status>
</test>
<doc>Basic Search Functionality</doc>
<status status="FAIL" starttime="20221002 11:42:02.384" endtime="20221002 11:42:09.075"/>
</suite>
<status status="FAIL" starttime="20221002 11:42:02.383" endtime="20221002 11:42:09.077"/>
</suite>
<status status="FAIL" starttime="20221002 11:42:02.381" endtime="20221002 11:42:09.078"/>
</suite>
<suite id="s1-s2" name="Google" source="/Users/ckz8780/dev/robot-testing/tests/google">
<suite id="s1-s2-s1" name="Functional" source="/Users/ckz8780/dev/robot-testing/tests/google/functional">
<suite id="s1-s2-s1-s1" name="Google Search" source="/Users/ckz8780/dev/robot-testing/tests/google/functional/google_search.robot">
<test id="s1-s2-s1-s1-t1" name="This is a sample test case" line="7">
<kw name="Open Browser" library="SeleniumLibrary">
<arg>https://www.google.com</arg>
<arg>chrome</arg>
<doc>Opens a new browser instance to the optional ``url``.</doc>
<msg timestamp="20221002 11:42:09.088" level="INFO">Opening browser 'chrome' to base url 'https://www.google.com'.</msg>
<status status="PASS" starttime="20221002 11:42:09.088" endtime="20221002 11:42:11.606"/>
</kw>
<kw name="Close Browser" library="SeleniumLibrary">
<doc>Closes the current browser.</doc>
<status status="PASS" starttime="20221002 11:42:11.607" endtime="20221002 11:42:11.678"/>
</kw>
<doc>Google test</doc>
<tag>functional</tag>
<status status="PASS" starttime="20221002 11:42:09.087" endtime="20221002 11:42:11.679"/>
</test>
<status status="PASS" starttime="20221002 11:42:09.084" endtime="20221002 11:42:11.680"/>
</suite>
<status status="PASS" starttime="20221002 11:42:09.082" endtime="20221002 11:42:11.681"/>
</suite>
<status status="PASS" starttime="20221002 11:42:09.079" endtime="20221002 11:42:11.682"/>
</suite>
<status status="FAIL" starttime="20221002 11:42:02.360" endtime="20221002 11:42:11.684"/>
</suite>
<statistics>
<total>
<stat pass="1" fail="1" skip="0">All Tests</stat>
</total>
<tag>
<stat pass="1" fail="1" skip="0">functional</stat>
</tag>
<suite>
<stat pass="1" fail="1" skip="0" id="s1" name="Tests">Tests</stat>
<stat pass="0" fail="1" skip="0" id="s1-s1" name="Ebay">Tests.Ebay</stat>
<stat pass="0" fail="1" skip="0" id="s1-s1-s1" name="Functional">Tests.Ebay.Functional</stat>
<stat pass="0" fail="1" skip="0" id="s1-s1-s1-s1" name="Basic Search">Tests.Ebay.Functional.Basic Search</stat>
<stat pass="1" fail="0" skip="0" id="s1-s2" name="Google">Tests.Google</stat>
<stat pass="1" fail="0" skip="0" id="s1-s2-s1" name="Functional">Tests.Google.Functional</stat>
<stat pass="1" fail="0" skip="0" id="s1-s2-s1-s1" name="Google Search">Tests.Google.Functional.Google Search</stat>
</suite>
</statistics>
<errors>
</errors>
</robot>
