<?xml version="1.0" encoding="UTF-8"?>
<robot generator="Robot 5.0.1 (Python 3.8.12 on darwin)" generated="20221001 18:48:30.486" rpa="false" schemaversion="3">
<suite id="s1" name="Tests" source="/Users/ckz8780/dev/robot-testing/tests">
<suite id="s1-s1" name="Ebay" source="/Users/ckz8780/dev/robot-testing/tests/ebay">
<suite id="s1-s1-s1" name="Functional" source="/Users/ckz8780/dev/robot-testing/tests/ebay/functional">
<suite id="s1-s1-s1-s1" name="Basic Search" source="/Users/ckz8780/dev/robot-testing/tests/ebay/functional/basic_search.robot">
<test id="s1-s1-s1-s1-t1" name="Verify basic search functionality for eBay" line="8">
<kw name="Open Browser" library="SeleniumLibrary">
<arg>https://www.ebay.com</arg>
<arg>chrome</arg>
<doc>Opens a new browser instance to the optional ``url``.</doc>
<msg timestamp="20221001 18:48:30.665" level="INFO">Opening browser 'chrome' to base url 'https://www.ebay.com'.</msg>
<status status="PASS" starttime="20221001 18:48:30.665" endtime="20221001 18:48:33.256"/>
</kw>
<kw name="Input Text" library="SeleniumLibrary">
<arg>//*[@id="gh-ac"]</arg>
<arg>mobile</arg>
<doc>Types the given ``text`` into the text field identified by ``locator``.</doc>
<msg timestamp="20221001 18:48:33.258" level="INFO">Typing text 'mobile' into text field '//*[@id="gh-ac"]'.</msg>
<status status="PASS" starttime="20221001 18:48:33.257" endtime="20221001 18:48:33.406"/>
</kw>
<kw name="Click Button" library="SeleniumLibrary">
<arg>//*[@id="gh-btn"]</arg>
<doc>Clicks the button identified by ``locator``.</doc>
<msg timestamp="20221001 18:48:33.407" level="INFO">Clicking button '//*[@id="gh-btn"]'.</msg>
<status status="PASS" starttime="20221001 18:48:33.407" endtime="20221001 18:48:35.407"/>
</kw>
<kw name="Page Should Contain" library="SeleniumLibrary">
<arg>results for mobile</arg>
<doc>Verifies that current page contains ``text``.</doc>
<msg timestamp="20221001 18:48:35.506" level="INFO">Current page contains text 'results for mobile'.</msg>
<status status="PASS" starttime="20221001 18:48:35.408" endtime="20221001 18:48:35.506"/>
</kw>
<kw name="Close Browser" library="SeleniumLibrary">
<doc>Closes the current browser.</doc>
<status status="PASS" starttime="20221001 18:48:35.506" endtime="20221001 18:48:35.599"/>
</kw>
<doc>This test case verifies the basic search functionality for eBay</doc>
<tag>functional</tag>
<status status="PASS" starttime="20221001 18:48:30.664" endtime="20221001 18:48:35.599"/>
</test>
<doc>Basic Search Functionality</doc>
<status status="PASS" starttime="20221001 18:48:30.510" endtime="20221001 18:48:35.600"/>
</suite>
<status status="PASS" starttime="20221001 18:48:30.508" endtime="20221001 18:48:35.602"/>
</suite>
<status status="PASS" starttime="20221001 18:48:30.507" endtime="20221001 18:48:35.603"/>
</suite>
<suite id="s1-s2" name="Google" source="/Users/ckz8780/dev/robot-testing/tests/google">
<suite id="s1-s2-s1" name="Functional" source="/Users/ckz8780/dev/robot-testing/tests/google/functional">
<suite id="s1-s2-s1-s1" name="Google Search" source="/Users/ckz8780/dev/robot-testing/tests/google/functional/google_search.robot">
<test id="s1-s2-s1-s1-t1" name="This is a sample test case" line="7">
<kw name="Open Browser" library="SeleniumLibrary">
<arg>https://www.google.com</arg>
<arg>chrome</arg>
<doc>Opens a new browser instance to the optional ``url``.</doc>
<msg timestamp="20221001 18:48:35.613" level="INFO">Opening browser 'chrome' to base url 'https://www.google.com'.</msg>
<status status="PASS" starttime="20221001 18:48:35.613" endtime="20221001 18:48:38.013"/>
</kw>
<kw name="Close Browser" library="SeleniumLibrary">
<doc>Closes the current browser.</doc>
<status status="PASS" starttime="20221001 18:48:38.014" endtime="20221001 18:48:38.085"/>
</kw>
<doc>Google test</doc>
<tag>functional</tag>
<status status="PASS" starttime="20221001 18:48:35.612" endtime="20221001 18:48:38.085"/>
</test>
<status status="PASS" starttime="20221001 18:48:35.608" endtime="20221001 18:48:38.086"/>
</suite>
<status status="PASS" starttime="20221001 18:48:35.606" endtime="20221001 18:48:38.088"/>
</suite>
<status status="PASS" starttime="20221001 18:48:35.604" endtime="20221001 18:48:38.089"/>
</suite>
<status status="PASS" starttime="20221001 18:48:30.488" endtime="20221001 18:48:38.090"/>
</suite>
<statistics>
<total>
<stat pass="2" fail="0" skip="0">All Tests</stat>
</total>
<tag>
<stat pass="2" fail="0" skip="0">functional</stat>
</tag>
<suite>
<stat pass="2" fail="0" skip="0" id="s1" name="Tests">Tests</stat>
<stat pass="1" fail="0" skip="0" id="s1-s1" name="Ebay">Tests.Ebay</stat>
<stat pass="1" fail="0" skip="0" id="s1-s1-s1" name="Functional">Tests.Ebay.Functional</stat>
<stat pass="1" fail="0" skip="0" id="s1-s1-s1-s1" name="Basic Search">Tests.Ebay.Functional.Basic Search</stat>
<stat pass="1" fail="0" skip="0" id="s1-s2" name="Google">Tests.Google</stat>
<stat pass="1" fail="0" skip="0" id="s1-s2-s1" name="Functional">Tests.Google.Functional</stat>
<stat pass="1" fail="0" skip="0" id="s1-s2-s1-s1" name="Google Search">Tests.Google.Functional.Google Search</stat>
</suite>
</statistics>
<errors>
</errors>
</robot>
