<?xml version="1.0" encoding="UTF-8"?>
<robot generator="Robot 5.0.1 (Python 3.8.12 on darwin)" generated="20221002 13:00:47.671" rpa="false" schemaversion="3">
<suite id="s1" name="Tests" source="/Users/ckz8780/dev/robot-testing/Tests">
<suite id="s1-s1" name="Ebay" source="/Users/ckz8780/dev/robot-testing/Tests/Ebay">
<suite id="s1-s1-s1" name="FunctionalTests" source="/Users/ckz8780/dev/robot-testing/Tests/Ebay/FunctionalTests">
<suite id="s1-s1-s1-s1" name="BasicSearch" source="/Users/ckz8780/dev/robot-testing/Tests/Ebay/FunctionalTests/BasicSearch.robot">
<test id="s1-s1-s1-s1-t1" name="Verify Basic Search Functionality" line="14">
<kw name="Start Testcase" library="CommonFunctionality" type="SETUP">
<kw name="Open Browser" library="SeleniumLibrary">
<arg>https://www.ebay.com</arg>
<arg>chrome</arg>
<doc>Opens a new browser instance to the optional ``url``.</doc>
<msg timestamp="20221002 13:00:47.843" level="INFO">Opening browser 'chrome' to base url 'https://www.ebay.com'.</msg>
<status status="PASS" starttime="20221002 13:00:47.842" endtime="20221002 13:00:50.519"/>
</kw>
<kw name="Maximize Browser Window" library="SeleniumLibrary">
<doc>Maximizes current browser window.</doc>
<status status="PASS" starttime="20221002 13:00:50.520" endtime="20221002 13:00:50.746"/>
</kw>
<status status="PASS" starttime="20221002 13:00:47.842" endtime="20221002 13:00:50.746"/>
</kw>
<kw name="Input Search Text and Click Search" library="HeaderPage">
<kw name="Input Text" library="SeleniumLibrary">
<arg>id:gh-ac</arg>
<arg>mobile</arg>
<doc>Types the given ``text`` into the text field identified by ``locator``.</doc>
<msg timestamp="20221002 13:00:50.748" level="INFO">Typing text 'mobile' into text field 'id:gh-ac'.</msg>
<status status="PASS" starttime="20221002 13:00:50.747" endtime="20221002 13:00:51.683"/>
</kw>
<kw name="Click Button" library="SeleniumLibrary">
<arg>id:gh-btn</arg>
<doc>Clicks the button identified by ``locator``.</doc>
<msg timestamp="20221002 13:00:51.684" level="INFO">Clicking button 'id:gh-btn'.</msg>
<status status="PASS" starttime="20221002 13:00:51.683" endtime="20221002 13:00:53.480"/>
</kw>
<status status="PASS" starttime="20221002 13:00:50.747" endtime="20221002 13:00:53.480"/>
</kw>
<kw name="Verify Search Results" library="SearchResultsPage">
<kw name="Page Should Contain" library="SeleniumLibrary">
<arg>results for mobile</arg>
<doc>Verifies that current page contains ``text``.</doc>
<msg timestamp="20221002 13:00:53.542" level="INFO">Current page contains text 'results for mobile'.</msg>
<status status="PASS" starttime="20221002 13:00:53.481" endtime="20221002 13:00:53.542"/>
</kw>
<status status="PASS" starttime="20221002 13:00:53.480" endtime="20221002 13:00:53.542"/>
</kw>
<kw name="Finish Testcase" library="CommonFunctionality" type="TEARDOWN">
<kw name="Close Browser" library="SeleniumLibrary">
<doc>Closes the current browser.</doc>
<status status="PASS" starttime="20221002 13:00:53.543" endtime="20221002 13:00:53.644"/>
</kw>
<status status="PASS" starttime="20221002 13:00:53.543" endtime="20221002 13:00:53.644"/>
</kw>
<doc>This test case verifies the basic search functionality for eBay</doc>
<tag>functional</tag>
<status status="PASS" starttime="20221002 13:00:47.841" endtime="20221002 13:00:53.644"/>
</test>
<test id="s1-s1-s1-s1-t2" name="Verify Search Filtering" line="21">
<kw name="Start Testcase" library="CommonFunctionality" type="SETUP">
<kw name="Open Browser" library="SeleniumLibrary">
<arg>https://www.ebay.com</arg>
<arg>chrome</arg>
<doc>Opens a new browser instance to the optional ``url``.</doc>
<msg timestamp="20221002 13:00:53.646" level="INFO">Opening browser 'chrome' to base url 'https://www.ebay.com'.</msg>
<status status="PASS" starttime="20221002 13:00:53.646" endtime="20221002 13:00:56.301"/>
</kw>
<kw name="Maximize Browser Window" library="SeleniumLibrary">
<doc>Maximizes current browser window.</doc>
<status status="PASS" starttime="20221002 13:00:56.302" endtime="20221002 13:00:56.478"/>
</kw>
<status status="PASS" starttime="20221002 13:00:53.645" endtime="20221002 13:00:56.478"/>
</kw>
<kw name="Input Search Text and Click Search" library="HeaderPage">
<kw name="Input Text" library="SeleniumLibrary">
<arg>id:gh-ac</arg>
<arg>mobile</arg>
<doc>Types the given ``text`` into the text field identified by ``locator``.</doc>
<msg timestamp="20221002 13:00:56.481" level="INFO">Typing text 'mobile' into text field 'id:gh-ac'.</msg>
<status status="PASS" starttime="20221002 13:00:56.480" endtime="20221002 13:00:57.417"/>
</kw>
<kw name="Click Button" library="SeleniumLibrary">
<arg>id:gh-btn</arg>
<doc>Clicks the button identified by ``locator``.</doc>
<msg timestamp="20221002 13:00:57.417" level="INFO">Clicking button 'id:gh-btn'.</msg>
<status status="PASS" starttime="20221002 13:00:57.417" endtime="20221002 13:00:59.474"/>
</kw>
<status status="PASS" starttime="20221002 13:00:56.479" endtime="20221002 13:00:59.474"/>
</kw>
<kw name="Verify Search Results" library="SearchResultsPage">
<kw name="Page Should Contain" library="SeleniumLibrary">
<arg>results for mobile</arg>
<doc>Verifies that current page contains ``text``.</doc>
<msg timestamp="20221002 13:00:59.568" level="INFO">Current page contains text 'results for mobile'.</msg>
<status status="PASS" starttime="20221002 13:00:59.475" endtime="20221002 13:00:59.568"/>
</kw>
<status status="PASS" starttime="20221002 13:00:59.475" endtime="20221002 13:00:59.568"/>
</kw>
<kw name="Select Product Condition" library="SearchResultsPage">
<kw name="Click Element" library="SeleniumLibrary">
<arg>xpath: /html/body/div[5]/div[4]/div[1]/div/div[1]/div[2]/div[2]/span[1]/button/span/span</arg>
<doc>Click the element identified by ``locator``.</doc>
<msg timestamp="20221002 13:00:59.569" level="INFO">Clicking element 'xpath: /html/body/div[5]/div[4]/div[1]/div/div[1]/div[2]/div[2]/span[1]/button/span/span'.</msg>
<status status="PASS" starttime="20221002 13:00:59.568" endtime="20221002 13:00:59.904"/>
</kw>
<kw name="Click Element" library="SeleniumLibrary">
<arg>xpath: /html/body/div[5]/div[4]/div[1]/div/div[1]/div[2]/div[2]/span[1]/span/div/div[2]/span[2]</arg>
<doc>Click the element identified by ``locator``.</doc>
<msg timestamp="20221002 13:00:59.904" level="INFO">Clicking element 'xpath: /html/body/div[5]/div[4]/div[1]/div/div[1]/div[2]/div[2]/span[1]/span/div/div[2]/span[2]'.</msg>
<status status="PASS" starttime="20221002 13:00:59.904" endtime="20221002 13:01:01.663"/>
</kw>
<status status="PASS" starttime="20221002 13:00:59.568" endtime="20221002 13:01:01.664"/>
</kw>
<kw name="Select Delivery Options" library="SearchResultsPage">
<kw name="Click Element" library="SeleniumLibrary">
<arg>xpath: /html/body/div[5]/div[4]/div[1]/div/div[1]/div[2]/div[2]/span[2]/button/span/span</arg>
<doc>Click the element identified by ``locator``.</doc>
<msg timestamp="20221002 13:01:01.664" level="INFO">Clicking element 'xpath: /html/body/div[5]/div[4]/div[1]/div/div[1]/div[2]/div[2]/span[2]/button/span/span'.</msg>
<status status="PASS" starttime="20221002 13:01:01.664" endtime="20221002 13:01:02.093"/>
</kw>
<kw name="Click Element" library="SeleniumLibrary">
<arg>xpath: /html/body/div[5]/div[4]/div[1]/div/div[1]/div[2]/div[2]/span[2]/span/div/div/span[2]</arg>
<doc>Click the element identified by ``locator``.</doc>
<msg timestamp="20221002 13:01:02.093" level="INFO">Clicking element 'xpath: /html/body/div[5]/div[4]/div[1]/div/div[1]/div[2]/div[2]/span[2]/span/div/div/span[2]'.</msg>
<status status="PASS" starttime="20221002 13:01:02.093" endtime="20221002 13:01:03.855"/>
</kw>
<status status="PASS" starttime="20221002 13:01:01.664" endtime="20221002 13:01:03.855"/>
</kw>
<kw name="Verify Filter Results" library="SearchResultsPage">
<kw name="Click Element" library="SeleniumLibrary">
<arg>xpath: /html/body/div[5]/div[4]/div[2]/div[1]/div[2]/ul/li[1]/div/div/div/div/div/ul/li[1]/div/div/button</arg>
<doc>Click the element identified by ``locator``.</doc>
<msg timestamp="20221002 13:01:03.856" level="INFO">Clicking element 'xpath: /html/body/div[5]/div[4]/div[2]/div[1]/div[2]/ul/li[1]/div/div/div/div/div/ul/li[1]/div/div/button'.</msg>
<status status="PASS" starttime="20221002 13:01:03.855" endtime="20221002 13:01:04.217"/>
</kw>
<kw name="Element Should Contain" library="SeleniumLibrary">
<arg>xpath: /html/body/div[5]/div[4]/div[2]/div[1]/div[2]/ul/li[1]/div/div/div/div/div/ul/li[1]/div/div/div/ul/li[1]/a</arg>
<arg>Free shipping</arg>
<doc>Verifies that element ``locator`` contains text ``expected``.</doc>
<msg timestamp="20221002 13:01:04.482" level="INFO">Element 'xpath: /html/body/div[5]/div[4]/div[2]/div[1]/div[2]/ul/li[1]/div/div/div/div/div/ul/li[1]/div/div/div/ul/li[1]/a' contains text 'Free shipping'.</msg>
<status status="PASS" starttime="20221002 13:01:04.217" endtime="20221002 13:01:04.482"/>
</kw>
<kw name="Element Text Should Be" library="SeleniumLibrary">
<arg>xpath: /html/body/div[5]/div[4]/div[2]/div[1]/div[2]/ul/li[1]/div/div/div/div/div/ul/li[1]/div/div/div/ul/li[1]/a/span</arg>
<arg>Remove filter</arg>
<doc>Verifies that element ``locator`` contains exact the text ``expected``.</doc>
<msg timestamp="20221002 13:01:04.483" level="INFO">Verifying element 'xpath: /html/body/div[5]/div[4]/div[2]/div[1]/div[2]/ul/li[1]/div/div/div/div/div/ul/li[1]/div/div/div/ul/li[1]/a/span' contains exact text 'Remove filter'.</msg>
<status status="PASS" starttime="20221002 13:01:04.482" endtime="20221002 13:01:04.502"/>
</kw>
<kw name="Element Should Contain" library="SeleniumLibrary">
<arg>xpath: /html/body/div[5]/div[4]/div[2]/div[1]/div[2]/ul/li[1]/div/div/div/div/div/ul/li[1]/div/div/div/ul/li[2]/a</arg>
<arg>New</arg>
<doc>Verifies that element ``locator`` contains text ``expected``.</doc>
<msg timestamp="20221002 13:01:04.521" level="INFO">Element 'xpath: /html/body/div[5]/div[4]/div[2]/div[1]/div[2]/ul/li[1]/div/div/div/div/div/ul/li[1]/div/div/div/ul/li[2]/a' contains text 'New'.</msg>
<status status="PASS" starttime="20221002 13:01:04.502" endtime="20221002 13:01:04.521"/>
</kw>
<kw name="Element Text Should Be" library="SeleniumLibrary">
<arg>xpath: /html/body/div[5]/div[4]/div[2]/div[1]/div[2]/ul/li[1]/div/div/div/div/div/ul/li[1]/div/div/div/ul/li[2]/a/span</arg>
<arg>Remove filter</arg>
<doc>Verifies that element ``locator`` contains exact the text ``expected``.</doc>
<msg timestamp="20221002 13:01:04.522" level="INFO">Verifying element 'xpath: /html/body/div[5]/div[4]/div[2]/div[1]/div[2]/ul/li[1]/div/div/div/div/div/ul/li[1]/div/div/div/ul/li[2]/a/span' contains exact text 'Remove filter'.</msg>
<status status="PASS" starttime="20221002 13:01:04.522" endtime="20221002 13:01:04.539"/>
</kw>
<status status="PASS" starttime="20221002 13:01:03.855" endtime="20221002 13:01:04.540"/>
</kw>
<kw name="Finish Testcase" library="CommonFunctionality" type="TEARDOWN">
<kw name="Close Browser" library="SeleniumLibrary">
<doc>Closes the current browser.</doc>
<status status="PASS" starttime="20221002 13:01:04.540" endtime="20221002 13:01:04.655"/>
</kw>
<status status="PASS" starttime="20221002 13:01:04.540" endtime="20221002 13:01:04.655"/>
</kw>
<doc>This test verifies that searches can be filtered</doc>
<tag>functional</tag>
<status status="PASS" starttime="20221002 13:00:53.645" endtime="20221002 13:01:04.655"/>
</test>
<test id="s1-s1-s1-s1-t3" name="Verify Advanced Search Functionality" line="32">
<kw name="Start Testcase" library="CommonFunctionality" type="SETUP">
<kw name="Open Browser" library="SeleniumLibrary">
<arg>https://www.ebay.com</arg>
<arg>chrome</arg>
<doc>Opens a new browser instance to the optional ``url``.</doc>
<msg timestamp="20221002 13:01:04.657" level="INFO">Opening browser 'chrome' to base url 'https://www.ebay.com'.</msg>
<status status="PASS" starttime="20221002 13:01:04.657" endtime="20221002 13:01:07.349"/>
</kw>
<kw name="Maximize Browser Window" library="SeleniumLibrary">
<doc>Maximizes current browser window.</doc>
<status status="PASS" starttime="20221002 13:01:07.349" endtime="20221002 13:01:07.521"/>
</kw>
<status status="PASS" starttime="20221002 13:01:04.656" endtime="20221002 13:01:07.522"/>
</kw>
<kw name="Click Advanced Search Link" library="HeaderPage">
<kw name="Click Element" library="SeleniumLibrary">
<arg>//*[@id="gh-as-a"]</arg>
<doc>Click the element identified by ``locator``.</doc>
<msg timestamp="20221002 13:01:07.523" level="INFO">Clicking element '//*[@id="gh-as-a"]'.</msg>
<status status="PASS" starttime="20221002 13:01:07.523" endtime="20221002 13:01:08.451"/>
</kw>
<status status="PASS" starttime="20221002 13:01:07.522" endtime="20221002 13:01:08.451"/>
</kw>
<kw name="Finish Testcase" library="CommonFunctionality" type="TEARDOWN">
<kw name="Close Browser" library="SeleniumLibrary">
<doc>Closes the current browser.</doc>
<status status="PASS" starttime="20221002 13:01:08.452" endtime="20221002 13:01:08.542"/>
</kw>
<status status="PASS" starttime="20221002 13:01:08.452" endtime="20221002 13:01:08.542"/>
</kw>
<doc>This test case verifies the advanced search functionality for eBay</doc>
<tag>functional</tag>
<status status="PASS" starttime="20221002 13:01:04.656" endtime="20221002 13:01:08.542"/>
</test>
<doc>Basic Search Functionality</doc>
<status status="PASS" starttime="20221002 13:00:47.696" endtime="20221002 13:01:08.544"/>
</suite>
<status status="PASS" starttime="20221002 13:00:47.695" endtime="20221002 13:01:08.546"/>
</suite>
<status status="PASS" starttime="20221002 13:00:47.693" endtime="20221002 13:01:08.547"/>
</suite>
<suite id="s1-s2" name="Google" source="/Users/ckz8780/dev/robot-testing/Tests/Google">
<suite id="s1-s2-s1" name="FunctionalTests" source="/Users/ckz8780/dev/robot-testing/Tests/Google/FunctionalTests">
<suite id="s1-s2-s1-s1" name="GoogleSearch" source="/Users/ckz8780/dev/robot-testing/Tests/Google/FunctionalTests/GoogleSearch.robot">
<test id="s1-s2-s1-s1-t1" name="This is a sample test case" line="7">
<kw name="Open Browser" library="SeleniumLibrary">
<arg>https://www.google.com</arg>
<arg>chrome</arg>
<doc>Opens a new browser instance to the optional ``url``.</doc>
<msg timestamp="20221002 13:01:08.557" level="INFO">Opening browser 'chrome' to base url 'https://www.google.com'.</msg>
<status status="PASS" starttime="20221002 13:01:08.557" endtime="20221002 13:01:10.951"/>
</kw>
<kw name="Close Browser" library="SeleniumLibrary">
<doc>Closes the current browser.</doc>
<status status="PASS" starttime="20221002 13:01:10.952" endtime="20221002 13:01:11.024"/>
</kw>
<doc>This is a sample test that opens the Chrome browser to google.com and then closes it</doc>
<tag>functional</tag>
<status status="PASS" starttime="20221002 13:01:08.556" endtime="20221002 13:01:11.024"/>
</test>
<status status="PASS" starttime="20221002 13:01:08.553" endtime="20221002 13:01:11.025"/>
</suite>
<status status="PASS" starttime="20221002 13:01:08.551" endtime="20221002 13:01:11.027"/>
</suite>
<status status="PASS" starttime="20221002 13:01:08.548" endtime="20221002 13:01:11.028"/>
</suite>
<status status="PASS" starttime="20221002 13:00:47.672" endtime="20221002 13:01:11.029"/>
</suite>
<statistics>
<total>
<stat pass="4" fail="0" skip="0">All Tests</stat>
</total>
<tag>
<stat pass="4" fail="0" skip="0">functional</stat>
</tag>
<suite>
<stat pass="4" fail="0" skip="0" id="s1" name="Tests">Tests</stat>
<stat pass="3" fail="0" skip="0" id="s1-s1" name="Ebay">Tests.Ebay</stat>
<stat pass="3" fail="0" skip="0" id="s1-s1-s1" name="FunctionalTests">Tests.Ebay.FunctionalTests</stat>
<stat pass="3" fail="0" skip="0" id="s1-s1-s1-s1" name="BasicSearch">Tests.Ebay.FunctionalTests.BasicSearch</stat>
<stat pass="1" fail="0" skip="0" id="s1-s2" name="Google">Tests.Google</stat>
<stat pass="1" fail="0" skip="0" id="s1-s2-s1" name="FunctionalTests">Tests.Google.FunctionalTests</stat>
<stat pass="1" fail="0" skip="0" id="s1-s2-s1-s1" name="GoogleSearch">Tests.Google.FunctionalTests.GoogleSearch</stat>
</suite>
</statistics>
<errors>
</errors>
</robot>
