<?xml version="1.0" encoding="UTF-8"?>
<robot generator="Robot 5.0.1 (Python 3.8.12 on darwin)" generated="20221002 15:24:10.095" rpa="false" schemaversion="3">
<suite id="s1" name="Tests" source="/Users/ckz8780/dev/robot-testing/Tests">
<suite id="s1-s1" name="ArgumentsDemo" source="/Users/ckz8780/dev/robot-testing/Tests/ArgumentsDemo.robot">
<test id="s1-s1-t1" name="Arguments Demo Test 1" line="4">
<kw name="Arguments Demo Keyword">
<arg>Hello</arg>
<arg>World!</arg>
<kw name="Log" library="BuiltIn">
<arg>${arg1}</arg>
<doc>Logs the given message with the given level.</doc>
<msg timestamp="20221002 15:24:10.120" level="INFO">Hello</msg>
<status status="PASS" starttime="20221002 15:24:10.120" endtime="20221002 15:24:10.120"/>
</kw>
<kw name="Log" library="BuiltIn">
<arg>${arg2}</arg>
<doc>Logs the given message with the given level.</doc>
<msg timestamp="20221002 15:24:10.121" level="INFO">World!</msg>
<status status="PASS" starttime="20221002 15:24:10.120" endtime="20221002 15:24:10.121"/>
</kw>
<status status="PASS" starttime="20221002 15:24:10.119" endtime="20221002 15:24:10.121"/>
</kw>
<status status="PASS" starttime="20221002 15:24:10.119" endtime="20221002 15:24:10.121"/>
</test>
<test id="s1-s1-t2" name="Arguments Demo Test 2" line="8">
<kw name="Arguments Demo Keyword">
<arg>Goodbye</arg>
<arg>Cruel world!</arg>
<kw name="Log" library="BuiltIn">
<arg>${arg1}</arg>
<doc>Logs the given message with the given level.</doc>
<msg timestamp="20221002 15:24:10.122" level="INFO">Goodbye</msg>
<status status="PASS" starttime="20221002 15:24:10.122" endtime="20221002 15:24:10.123"/>
</kw>
<kw name="Log" library="BuiltIn">
<arg>${arg2}</arg>
<doc>Logs the given message with the given level.</doc>
<msg timestamp="20221002 15:24:10.123" level="INFO">Cruel world!</msg>
<status status="PASS" starttime="20221002 15:24:10.123" endtime="20221002 15:24:10.123"/>
</kw>
<status status="PASS" starttime="20221002 15:24:10.122" endtime="20221002 15:24:10.123"/>
</kw>
<status status="PASS" starttime="20221002 15:24:10.121" endtime="20221002 15:24:10.123"/>
</test>
<status status="PASS" starttime="20221002 15:24:10.117" endtime="20221002 15:24:10.124"/>
</suite>
<suite id="s1-s2" name="Ebay" source="/Users/ckz8780/dev/robot-testing/Tests/Ebay">
<suite id="s1-s2-s1" name="FunctionalTests" source="/Users/ckz8780/dev/robot-testing/Tests/Ebay/FunctionalTests">
<suite id="s1-s2-s1-s1" name="BasicSearch" source="/Users/ckz8780/dev/robot-testing/Tests/Ebay/FunctionalTests/BasicSearch.robot">
<test id="s1-s2-s1-s1-t1" name="Verify Basic Search Functionality" line="14">
<kw name="Start Testcase" library="CommonFunctionality" type="SETUP">
<kw name="Open Browser" library="SeleniumLibrary">
<arg>https://www.ebay.com</arg>
<arg>chrome</arg>
<doc>Opens a new browser instance to the optional ``url``.</doc>
<msg timestamp="20221002 15:24:10.331" level="INFO">Opening browser 'chrome' to base url 'https://www.ebay.com'.</msg>
<status status="PASS" starttime="20221002 15:24:10.331" endtime="20221002 15:24:13.132"/>
</kw>
<kw name="Maximize Browser Window" library="SeleniumLibrary">
<doc>Maximizes current browser window.</doc>
<status status="PASS" starttime="20221002 15:24:13.132" endtime="20221002 15:24:13.333"/>
</kw>
<status status="PASS" starttime="20221002 15:24:10.330" endtime="20221002 15:24:13.333"/>
</kw>
<kw name="Input Search Text and Click Search" library="HeaderPage">
<arg>mobile</arg>
<kw name="Input Text" library="SeleniumLibrary">
<arg>id:gh-ac</arg>
<arg>${search_text}</arg>
<doc>Types the given ``text`` into the text field identified by ``locator``.</doc>
<msg timestamp="20221002 15:24:13.335" level="INFO">Typing text 'mobile' into text field 'id:gh-ac'.</msg>
<status status="PASS" starttime="20221002 15:24:13.334" endtime="20221002 15:24:14.200"/>
</kw>
<kw name="Click Button" library="SeleniumLibrary">
<arg>id:gh-btn</arg>
<doc>Clicks the button identified by ``locator``.</doc>
<msg timestamp="20221002 15:24:14.200" level="INFO">Clicking button 'id:gh-btn'.</msg>
<status status="PASS" starttime="20221002 15:24:14.200" endtime="20221002 15:24:16.185"/>
</kw>
<status status="PASS" starttime="20221002 15:24:13.334" endtime="20221002 15:24:16.185"/>
</kw>
<kw name="Verify Search Results" library="SearchResultsPage">
<arg>mobile</arg>
<kw name="Page Should Contain" library="SeleniumLibrary">
<arg>${search_result_text} ${search_text}</arg>
<doc>Verifies that current page contains ``text``.</doc>
<msg timestamp="20221002 15:24:16.223" level="INFO">Current page contains text 'results for mobile'.</msg>
<status status="PASS" starttime="20221002 15:24:16.186" endtime="20221002 15:24:16.223"/>
</kw>
<status status="PASS" starttime="20221002 15:24:16.185" endtime="20221002 15:24:16.223"/>
</kw>
<kw name="Finish Testcase" library="CommonFunctionality" type="TEARDOWN">
<kw name="Close Browser" library="SeleniumLibrary">
<doc>Closes the current browser.</doc>
<status status="PASS" starttime="20221002 15:24:16.224" endtime="20221002 15:24:16.323"/>
</kw>
<status status="PASS" starttime="20221002 15:24:16.224" endtime="20221002 15:24:16.323"/>
</kw>
<doc>This test case verifies the basic search functionality for eBay</doc>
<tag>functional</tag>
<status status="PASS" starttime="20221002 15:24:10.330" endtime="20221002 15:24:16.323"/>
</test>
<test id="s1-s2-s1-s1-t2" name="Verify Search for Books" line="22">
<kw name="Start Testcase" library="CommonFunctionality" type="SETUP">
<kw name="Open Browser" library="SeleniumLibrary">
<arg>https://www.ebay.com</arg>
<arg>chrome</arg>
<doc>Opens a new browser instance to the optional ``url``.</doc>
<msg timestamp="20221002 15:24:16.326" level="INFO">Opening browser 'chrome' to base url 'https://www.ebay.com'.</msg>
<status status="PASS" starttime="20221002 15:24:16.325" endtime="20221002 15:24:18.877"/>
</kw>
<kw name="Maximize Browser Window" library="SeleniumLibrary">
<doc>Maximizes current browser window.</doc>
<status status="PASS" starttime="20221002 15:24:18.878" endtime="20221002 15:24:19.097"/>
</kw>
<status status="PASS" starttime="20221002 15:24:16.325" endtime="20221002 15:24:19.097"/>
</kw>
<kw name="Input Search Text and Click Search" library="HeaderPage">
<arg>book</arg>
<kw name="Input Text" library="SeleniumLibrary">
<arg>id:gh-ac</arg>
<arg>${search_text}</arg>
<doc>Types the given ``text`` into the text field identified by ``locator``.</doc>
<msg timestamp="20221002 15:24:19.099" level="INFO">Typing text 'book' into text field 'id:gh-ac'.</msg>
<status status="PASS" starttime="20221002 15:24:19.098" endtime="20221002 15:24:20.026"/>
</kw>
<kw name="Click Button" library="SeleniumLibrary">
<arg>id:gh-btn</arg>
<doc>Clicks the button identified by ``locator``.</doc>
<msg timestamp="20221002 15:24:20.026" level="INFO">Clicking button 'id:gh-btn'.</msg>
<status status="PASS" starttime="20221002 15:24:20.026" endtime="20221002 15:24:26.796"/>
</kw>
<status status="PASS" starttime="20221002 15:24:19.097" endtime="20221002 15:24:26.796"/>
</kw>
<kw name="Verify Search Results" library="SearchResultsPage">
<arg>book</arg>
<kw name="Page Should Contain" library="SeleniumLibrary">
<arg>${search_result_text} ${search_text}</arg>
<doc>Verifies that current page contains ``text``.</doc>
<msg timestamp="20221002 15:24:26.852" level="INFO">Current page contains text 'results for book'.</msg>
<status status="PASS" starttime="20221002 15:24:26.797" endtime="20221002 15:24:26.852"/>
</kw>
<status status="PASS" starttime="20221002 15:24:26.797" endtime="20221002 15:24:26.852"/>
</kw>
<kw name="Finish Testcase" library="CommonFunctionality" type="TEARDOWN">
<kw name="Close Browser" library="SeleniumLibrary">
<doc>Closes the current browser.</doc>
<status status="PASS" starttime="20221002 15:24:26.853" endtime="20221002 15:24:26.980"/>
</kw>
<status status="PASS" starttime="20221002 15:24:26.853" endtime="20221002 15:24:26.980"/>
</kw>
<doc>This test case verifies we can search for a specific term</doc>
<tag>functional</tag>
<status status="PASS" starttime="20221002 15:24:16.324" endtime="20221002 15:24:26.980"/>
</test>
<test id="s1-s2-s1-s1-t3" name="Verify Search for Model Airplanes" line="30">
<kw name="Start Testcase" library="CommonFunctionality" type="SETUP">
<kw name="Open Browser" library="SeleniumLibrary">
<arg>https://www.ebay.com</arg>
<arg>chrome</arg>
<doc>Opens a new browser instance to the optional ``url``.</doc>
<msg timestamp="20221002 15:24:26.983" level="INFO">Opening browser 'chrome' to base url 'https://www.ebay.com'.</msg>
<status status="PASS" starttime="20221002 15:24:26.982" endtime="20221002 15:24:29.644"/>
</kw>
<kw name="Maximize Browser Window" library="SeleniumLibrary">
<doc>Maximizes current browser window.</doc>
<status status="PASS" starttime="20221002 15:24:29.645" endtime="20221002 15:24:29.888"/>
</kw>
<status status="PASS" starttime="20221002 15:24:26.982" endtime="20221002 15:24:29.888"/>
</kw>
<kw name="Input Search Text and Click Search" library="HeaderPage">
<arg>model airplane</arg>
<kw name="Input Text" library="SeleniumLibrary">
<arg>id:gh-ac</arg>
<arg>${search_text}</arg>
<doc>Types the given ``text`` into the text field identified by ``locator``.</doc>
<msg timestamp="20221002 15:24:29.890" level="INFO">Typing text 'model airplane' into text field 'id:gh-ac'.</msg>
<status status="PASS" starttime="20221002 15:24:29.890" endtime="20221002 15:24:30.856"/>
</kw>
<kw name="Click Button" library="SeleniumLibrary">
<arg>id:gh-btn</arg>
<doc>Clicks the button identified by ``locator``.</doc>
<msg timestamp="20221002 15:24:30.857" level="INFO">Clicking button 'id:gh-btn'.</msg>
<status status="PASS" starttime="20221002 15:24:30.856" endtime="20221002 15:24:32.603"/>
</kw>
<status status="PASS" starttime="20221002 15:24:29.889" endtime="20221002 15:24:32.604"/>
</kw>
<kw name="Verify Search Results" library="SearchResultsPage">
<arg>model airplane</arg>
<kw name="Page Should Contain" library="SeleniumLibrary">
<arg>${search_result_text} ${search_text}</arg>
<doc>Verifies that current page contains ``text``.</doc>
<msg timestamp="20221002 15:24:32.802" level="INFO">Current page contains text 'results for model airplane'.</msg>
<status status="PASS" starttime="20221002 15:24:32.604" endtime="20221002 15:24:32.802"/>
</kw>
<status status="PASS" starttime="20221002 15:24:32.604" endtime="20221002 15:24:32.802"/>
</kw>
<kw name="Finish Testcase" library="CommonFunctionality" type="TEARDOWN">
<kw name="Close Browser" library="SeleniumLibrary">
<doc>Closes the current browser.</doc>
<status status="PASS" starttime="20221002 15:24:32.803" endtime="20221002 15:24:32.901"/>
</kw>
<status status="PASS" starttime="20221002 15:24:32.803" endtime="20221002 15:24:32.901"/>
</kw>
<doc>This test case verifies we can search for a specific term</doc>
<tag>functional</tag>
<status status="PASS" starttime="20221002 15:24:26.981" endtime="20221002 15:24:32.901"/>
</test>
<test id="s1-s2-s1-s1-t4" name="Verify Search Filtering" line="38">
<kw name="Start Testcase" library="CommonFunctionality" type="SETUP">
<kw name="Open Browser" library="SeleniumLibrary">
<arg>https://www.ebay.com</arg>
<arg>chrome</arg>
<doc>Opens a new browser instance to the optional ``url``.</doc>
<msg timestamp="20221002 15:24:32.903" level="INFO">Opening browser 'chrome' to base url 'https://www.ebay.com'.</msg>
<status status="PASS" starttime="20221002 15:24:32.903" endtime="20221002 15:24:35.638"/>
</kw>
<kw name="Maximize Browser Window" library="SeleniumLibrary">
<doc>Maximizes current browser window.</doc>
<status status="PASS" starttime="20221002 15:24:35.639" endtime="20221002 15:24:35.862"/>
</kw>
<status status="PASS" starttime="20221002 15:24:32.902" endtime="20221002 15:24:35.862"/>
</kw>
<kw name="Input Search Text and Click Search" library="HeaderPage">
<arg>mobile</arg>
<kw name="Input Text" library="SeleniumLibrary">
<arg>id:gh-ac</arg>
<arg>${search_text}</arg>
<doc>Types the given ``text`` into the text field identified by ``locator``.</doc>
<msg timestamp="20221002 15:24:35.864" level="INFO">Typing text 'mobile' into text field 'id:gh-ac'.</msg>
<status status="PASS" starttime="20221002 15:24:35.863" endtime="20221002 15:24:36.739"/>
</kw>
<kw name="Click Button" library="SeleniumLibrary">
<arg>id:gh-btn</arg>
<doc>Clicks the button identified by ``locator``.</doc>
<msg timestamp="20221002 15:24:36.740" level="INFO">Clicking button 'id:gh-btn'.</msg>
<status status="PASS" starttime="20221002 15:24:36.740" endtime="20221002 15:24:39.287"/>
</kw>
<status status="PASS" starttime="20221002 15:24:35.862" endtime="20221002 15:24:39.287"/>
</kw>
<kw name="Verify Search Results" library="SearchResultsPage">
<arg>mobile</arg>
<kw name="Page Should Contain" library="SeleniumLibrary">
<arg>${search_result_text} ${search_text}</arg>
<doc>Verifies that current page contains ``text``.</doc>
<msg timestamp="20221002 15:24:39.365" level="INFO">Current page contains text 'results for mobile'.</msg>
<status status="PASS" starttime="20221002 15:24:39.288" endtime="20221002 15:24:39.366"/>
</kw>
<status status="PASS" starttime="20221002 15:24:39.287" endtime="20221002 15:24:39.366"/>
</kw>
<kw name="Select Product Condition" library="SearchResultsPage">
<kw name="Click Element" library="SeleniumLibrary">
<arg>xpath: /html/body/div[5]/div[4]/div[1]/div/div[1]/div[2]/div[2]/span[1]/button/span/span</arg>
<doc>Click the element identified by ``locator``.</doc>
<msg timestamp="20221002 15:24:39.367" level="INFO">Clicking element 'xpath: /html/body/div[5]/div[4]/div[1]/div/div[1]/div[2]/div[2]/span[1]/button/span/span'.</msg>
<status status="PASS" starttime="20221002 15:24:39.366" endtime="20221002 15:24:39.692"/>
</kw>
<kw name="Click Element" library="SeleniumLibrary">
<arg>xpath: /html/body/div[5]/div[4]/div[1]/div/div[1]/div[2]/div[2]/span[1]/span/div/div[2]/span[2]</arg>
<doc>Click the element identified by ``locator``.</doc>
<msg timestamp="20221002 15:24:39.692" level="INFO">Clicking element 'xpath: /html/body/div[5]/div[4]/div[1]/div/div[1]/div[2]/div[2]/span[1]/span/div/div[2]/span[2]'.</msg>
<status status="PASS" starttime="20221002 15:24:39.692" endtime="20221002 15:24:43.092"/>
</kw>
<status status="PASS" starttime="20221002 15:24:39.366" endtime="20221002 15:24:43.093"/>
</kw>
<kw name="Select Delivery Options" library="SearchResultsPage">
<kw name="Click Element" library="SeleniumLibrary">
<arg>xpath: /html/body/div[5]/div[4]/div[1]/div/div[1]/div[2]/div[2]/span[2]/button/span/span</arg>
<doc>Click the element identified by ``locator``.</doc>
<msg timestamp="20221002 15:24:43.094" level="INFO">Clicking element 'xpath: /html/body/div[5]/div[4]/div[1]/div/div[1]/div[2]/div[2]/span[2]/button/span/span'.</msg>
<status status="PASS" starttime="20221002 15:24:43.093" endtime="20221002 15:24:43.454"/>
</kw>
<kw name="Click Element" library="SeleniumLibrary">
<arg>xpath: /html/body/div[5]/div[4]/div[1]/div/div[1]/div[2]/div[2]/span[2]/span/div/div/span[2]</arg>
<doc>Click the element identified by ``locator``.</doc>
<msg timestamp="20221002 15:24:43.454" level="INFO">Clicking element 'xpath: /html/body/div[5]/div[4]/div[1]/div/div[1]/div[2]/div[2]/span[2]/span/div/div/span[2]'.</msg>
<status status="PASS" starttime="20221002 15:24:43.454" endtime="20221002 15:24:45.549"/>
</kw>
<status status="PASS" starttime="20221002 15:24:43.093" endtime="20221002 15:24:45.549"/>
</kw>
<kw name="Verify Filter Results" library="SearchResultsPage">
<kw name="Click Element" library="SeleniumLibrary">
<arg>xpath: /html/body/div[5]/div[4]/div[2]/div[1]/div[2]/ul/li[1]/div/div/div/div/div/ul/li[1]/div/div/button</arg>
<doc>Click the element identified by ``locator``.</doc>
<msg timestamp="20221002 15:24:45.550" level="INFO">Clicking element 'xpath: /html/body/div[5]/div[4]/div[2]/div[1]/div[2]/ul/li[1]/div/div/div/div/div/ul/li[1]/div/div/button'.</msg>
<status status="PASS" starttime="20221002 15:24:45.550" endtime="20221002 15:24:46.007"/>
</kw>
<kw name="Element Should Contain" library="SeleniumLibrary">
<arg>xpath: /html/body/div[5]/div[4]/div[2]/div[1]/div[2]/ul/li[1]/div/div/div/div/div/ul/li[1]/div/div/div/ul/li[1]/a</arg>
<arg>Free shipping</arg>
<doc>Verifies that element ``locator`` contains text ``expected``.</doc>
<msg timestamp="20221002 15:24:46.219" level="INFO">Element 'xpath: /html/body/div[5]/div[4]/div[2]/div[1]/div[2]/ul/li[1]/div/div/div/div/div/ul/li[1]/div/div/div/ul/li[1]/a' contains text 'Free shipping'.</msg>
<status status="PASS" starttime="20221002 15:24:46.007" endtime="20221002 15:24:46.219"/>
</kw>
<kw name="Element Text Should Be" library="SeleniumLibrary">
<arg>xpath: /html/body/div[5]/div[4]/div[2]/div[1]/div[2]/ul/li[1]/div/div/div/div/div/ul/li[1]/div/div/div/ul/li[1]/a/span</arg>
<arg>Remove filter</arg>
<doc>Verifies that element ``locator`` contains exact the text ``expected``.</doc>
<msg timestamp="20221002 15:24:46.220" level="INFO">Verifying element 'xpath: /html/body/div[5]/div[4]/div[2]/div[1]/div[2]/ul/li[1]/div/div/div/div/div/ul/li[1]/div/div/div/ul/li[1]/a/span' contains exact text 'Remove filter'.</msg>
<status status="PASS" starttime="20221002 15:24:46.219" endtime="20221002 15:24:46.240"/>
</kw>
<kw name="Element Should Contain" library="SeleniumLibrary">
<arg>xpath: /html/body/div[5]/div[4]/div[2]/div[1]/div[2]/ul/li[1]/div/div/div/div/div/ul/li[1]/div/div/div/ul/li[2]/a</arg>
<arg>New</arg>
<doc>Verifies that element ``locator`` contains text ``expected``.</doc>
<msg timestamp="20221002 15:24:46.260" level="INFO">Element 'xpath: /html/body/div[5]/div[4]/div[2]/div[1]/div[2]/ul/li[1]/div/div/div/div/div/ul/li[1]/div/div/div/ul/li[2]/a' contains text 'New'.</msg>
<status status="PASS" starttime="20221002 15:24:46.240" endtime="20221002 15:24:46.260"/>
</kw>
<kw name="Element Text Should Be" library="SeleniumLibrary">
<arg>xpath: /html/body/div[5]/div[4]/div[2]/div[1]/div[2]/ul/li[1]/div/div/div/div/div/ul/li[1]/div/div/div/ul/li[2]/a/span</arg>
<arg>Remove filter</arg>
<doc>Verifies that element ``locator`` contains exact the text ``expected``.</doc>
<msg timestamp="20221002 15:24:46.260" level="INFO">Verifying element 'xpath: /html/body/div[5]/div[4]/div[2]/div[1]/div[2]/ul/li[1]/div/div/div/div/div/ul/li[1]/div/div/div/ul/li[2]/a/span' contains exact text 'Remove filter'.</msg>
<status status="PASS" starttime="20221002 15:24:46.260" endtime="20221002 15:24:46.303"/>
</kw>
<status status="PASS" starttime="20221002 15:24:45.550" endtime="20221002 15:24:46.303"/>
</kw>
<kw name="Finish Testcase" library="CommonFunctionality" type="TEARDOWN">
<kw name="Close Browser" library="SeleniumLibrary">
<doc>Closes the current browser.</doc>
<status status="PASS" starttime="20221002 15:24:46.304" endtime="20221002 15:24:46.417"/>
</kw>
<status status="PASS" starttime="20221002 15:24:46.303" endtime="20221002 15:24:46.417"/>
</kw>
<doc>This test verifies that searches can be filtered</doc>
<tag>functional</tag>
<status status="PASS" starttime="20221002 15:24:32.902" endtime="20221002 15:24:46.417"/>
</test>
<test id="s1-s2-s1-s1-t5" name="Verify Advanced Search Functionality" line="50">
<kw name="Start Testcase" library="CommonFunctionality" type="SETUP">
<kw name="Open Browser" library="SeleniumLibrary">
<arg>https://www.ebay.com</arg>
<arg>chrome</arg>
<doc>Opens a new browser instance to the optional ``url``.</doc>
<msg timestamp="20221002 15:24:46.419" level="INFO">Opening browser 'chrome' to base url 'https://www.ebay.com'.</msg>
<status status="PASS" starttime="20221002 15:24:46.419" endtime="20221002 15:24:49.217"/>
</kw>
<kw name="Maximize Browser Window" library="SeleniumLibrary">
<doc>Maximizes current browser window.</doc>
<status status="PASS" starttime="20221002 15:24:49.218" endtime="20221002 15:24:49.449"/>
</kw>
<status status="PASS" starttime="20221002 15:24:46.419" endtime="20221002 15:24:49.450"/>
</kw>
<kw name="Click Advanced Search Link" library="HeaderPage">
<kw name="Click Element" library="SeleniumLibrary">
<arg>//*[@id="gh-as-a"]</arg>
<doc>Click the element identified by ``locator``.</doc>
<msg timestamp="20221002 15:24:49.451" level="INFO">Clicking element '//*[@id="gh-as-a"]'.</msg>
<status status="PASS" starttime="20221002 15:24:49.450" endtime="20221002 15:24:50.235"/>
</kw>
<status status="PASS" starttime="20221002 15:24:49.450" endtime="20221002 15:24:50.235"/>
</kw>
<kw name="Finish Testcase" library="CommonFunctionality" type="TEARDOWN">
<kw name="Close Browser" library="SeleniumLibrary">
<doc>Closes the current browser.</doc>
<status status="PASS" starttime="20221002 15:24:50.236" endtime="20221002 15:24:50.328"/>
</kw>
<status status="PASS" starttime="20221002 15:24:50.236" endtime="20221002 15:24:50.329"/>
</kw>
<doc>This test case verifies the advanced search functionality for eBay</doc>
<tag>functional</tag>
<status status="PASS" starttime="20221002 15:24:46.418" endtime="20221002 15:24:50.329"/>
</test>
<doc>Basic Search Functionality</doc>
<status status="PASS" starttime="20221002 15:24:10.128" endtime="20221002 15:24:50.330"/>
</suite>
<status status="PASS" starttime="20221002 15:24:10.126" endtime="20221002 15:24:50.332"/>
</suite>
<status status="PASS" starttime="20221002 15:24:10.124" endtime="20221002 15:24:50.334"/>
</suite>
<suite id="s1-s3" name="Google" source="/Users/ckz8780/dev/robot-testing/Tests/Google">
<suite id="s1-s3-s1" name="FunctionalTests" source="/Users/ckz8780/dev/robot-testing/Tests/Google/FunctionalTests">
<suite id="s1-s3-s1-s1" name="GoogleSearch" source="/Users/ckz8780/dev/robot-testing/Tests/Google/FunctionalTests/GoogleSearch.robot">
<test id="s1-s3-s1-s1-t1" name="This is a sample test case" line="7">
<kw name="Open Browser" library="SeleniumLibrary">
<arg>https://www.google.com</arg>
<arg>chrome</arg>
<doc>Opens a new browser instance to the optional ``url``.</doc>
<msg timestamp="20221002 15:24:50.345" level="INFO">Opening browser 'chrome' to base url 'https://www.google.com'.</msg>
<status status="PASS" starttime="20221002 15:24:50.345" endtime="20221002 15:24:52.691"/>
</kw>
<kw name="Close Browser" library="SeleniumLibrary">
<doc>Closes the current browser.</doc>
<status status="PASS" starttime="20221002 15:24:52.691" endtime="20221002 15:24:52.763"/>
</kw>
<doc>This is a sample test that opens the Chrome browser to google.com and then closes it</doc>
<tag>functional</tag>
<status status="PASS" starttime="20221002 15:24:50.344" endtime="20221002 15:24:52.763"/>
</test>
<status status="PASS" starttime="20221002 15:24:50.341" endtime="20221002 15:24:52.764"/>
</suite>
<status status="PASS" starttime="20221002 15:24:50.338" endtime="20221002 15:24:52.765"/>
</suite>
<status status="PASS" starttime="20221002 15:24:50.335" endtime="20221002 15:24:52.766"/>
</suite>
<suite id="s1-s4" name="VariableScope" source="/Users/ckz8780/dev/robot-testing/Tests/VariableScope.robot">
<test id="s1-s4-t1" name="Demo Test 1" line="9">
<kw name="Set Variable" library="BuiltIn">
<var>${testcase_variable}</var>
<arg>This is a testcase variable</arg>
<doc>Returns the given values which can then be assigned to a variables.</doc>
<msg timestamp="20221002 15:24:52.771" level="INFO">${testcase_variable} = This is a testcase variable</msg>
<status status="PASS" starttime="20221002 15:24:52.770" endtime="20221002 15:24:52.771"/>
</kw>
<kw name="Log" library="BuiltIn">
<arg>${GLOBAL_VARIABLE}</arg>
<doc>Logs the given message with the given level.</doc>
<msg timestamp="20221002 15:24:52.771" level="INFO">This is a global variable</msg>
<status status="PASS" starttime="20221002 15:24:52.771" endtime="20221002 15:24:52.771"/>
</kw>
<kw name="Log" library="BuiltIn">
<arg>${testcase_variable}</arg>
<doc>Logs the given message with the given level.</doc>
<msg timestamp="20221002 15:24:52.771" level="INFO">This is a testcase variable</msg>
<status status="PASS" starttime="20221002 15:24:52.771" endtime="20221002 15:24:52.771"/>
</kw>
<status status="PASS" starttime="20221002 15:24:52.770" endtime="20221002 15:24:52.772"/>
</test>
<test id="s1-s4-t2" name="Demo Test 2" line="15">
<kw name="Log" library="BuiltIn">
<arg>${GLOBAL_VARIABLE}</arg>
<doc>Logs the given message with the given level.</doc>
<msg timestamp="20221002 15:24:52.773" level="INFO">This is a global variable</msg>
<status status="PASS" starttime="20221002 15:24:52.772" endtime="20221002 15:24:52.773"/>
</kw>
<status status="PASS" starttime="20221002 15:24:52.772" endtime="20221002 15:24:52.773"/>
</test>
<test id="s1-s4-t3" name="Demo Test 3" line="19">
<kw name="Demo Keyword 1">
<kw name="Log" library="BuiltIn">
<arg>${GLOBAL_VARIABLE}</arg>
<doc>Logs the given message with the given level.</doc>
<msg timestamp="20221002 15:24:52.775" level="INFO">This is a global variable</msg>
<status status="PASS" starttime="20221002 15:24:52.775" endtime="20221002 15:24:52.775"/>
</kw>
<kw name="Log" library="BuiltIn">
<arg>${keyword_variable}</arg>
<doc>Logs the given message with the given level.</doc>
<msg timestamp="20221002 15:24:52.775" level="INFO">This is a keyword variable</msg>
<status status="PASS" starttime="20221002 15:24:52.775" endtime="20221002 15:24:52.775"/>
</kw>
<status status="PASS" starttime="20221002 15:24:52.774" endtime="20221002 15:24:52.775"/>
</kw>
<status status="PASS" starttime="20221002 15:24:52.773" endtime="20221002 15:24:52.776"/>
</test>
<status status="PASS" starttime="20221002 15:24:52.767" endtime="20221002 15:24:52.776"/>
</suite>
<status status="PASS" starttime="20221002 15:24:10.096" endtime="20221002 15:24:52.778"/>
</suite>
<statistics>
<total>
<stat pass="11" fail="0" skip="0">All Tests</stat>
</total>
<tag>
<stat pass="6" fail="0" skip="0">functional</stat>
</tag>
<suite>
<stat pass="11" fail="0" skip="0" id="s1" name="Tests">Tests</stat>
<stat pass="2" fail="0" skip="0" id="s1-s1" name="ArgumentsDemo">Tests.ArgumentsDemo</stat>
<stat pass="5" fail="0" skip="0" id="s1-s2" name="Ebay">Tests.Ebay</stat>
<stat pass="5" fail="0" skip="0" id="s1-s2-s1" name="FunctionalTests">Tests.Ebay.FunctionalTests</stat>
<stat pass="5" fail="0" skip="0" id="s1-s2-s1-s1" name="BasicSearch">Tests.Ebay.FunctionalTests.BasicSearch</stat>
<stat pass="1" fail="0" skip="0" id="s1-s3" name="Google">Tests.Google</stat>
<stat pass="1" fail="0" skip="0" id="s1-s3-s1" name="FunctionalTests">Tests.Google.FunctionalTests</stat>
<stat pass="1" fail="0" skip="0" id="s1-s3-s1-s1" name="GoogleSearch">Tests.Google.FunctionalTests.GoogleSearch</stat>
<stat pass="3" fail="0" skip="0" id="s1-s4" name="VariableScope">Tests.VariableScope</stat>
</suite>
</statistics>
<errors>
</errors>
</robot>
