<?xml version="1.0" encoding="UTF-8"?>
<robot generator="Robot 5.0.1 (Python 3.8.12 on darwin)" generated="20221002 15:04:30.087" rpa="false" schemaversion="3">
<suite id="s1" name="Tests" source="/Users/ckz8780/dev/robot-testing/Tests">
<suite id="s1-s1" name="Ebay" source="/Users/ckz8780/dev/robot-testing/Tests/Ebay">
<suite id="s1-s1-s1" name="FunctionalTests" source="/Users/ckz8780/dev/robot-testing/Tests/Ebay/FunctionalTests">
<suite id="s1-s1-s1-s1" name="BasicSearch" source="/Users/ckz8780/dev/robot-testing/Tests/Ebay/FunctionalTests/BasicSearch.robot">
<test id="s1-s1-s1-s1-t1" name="Verify Basic Search Functionality" line="14">
<kw name="Start Testcase" library="CommonFunctionality" type="SETUP">
<kw name="Open Browser" library="SeleniumLibrary">
<arg>https://www.ebay.com</arg>
<arg>chrome</arg>
<doc>Opens a new browser instance to the optional ``url``.</doc>
<msg timestamp="20221002 15:04:30.304" level="INFO">Opening browser 'chrome' to base url 'https://www.ebay.com'.</msg>
<status status="PASS" starttime="20221002 15:04:30.303" endtime="20221002 15:04:33.095"/>
</kw>
<kw name="Maximize Browser Window" library="SeleniumLibrary">
<doc>Maximizes current browser window.</doc>
<status status="PASS" starttime="20221002 15:04:33.095" endtime="20221002 15:04:33.270"/>
</kw>
<status status="PASS" starttime="20221002 15:04:30.303" endtime="20221002 15:04:33.270"/>
</kw>
<kw name="Input Search Text and Click Search" library="HeaderPage">
<kw name="Input Text" library="SeleniumLibrary">
<arg>id:gh-ac</arg>
<arg>${search_text}</arg>
<doc>Types the given ``text`` into the text field identified by ``locator``.</doc>
<msg timestamp="20221002 15:04:33.272" level="INFO">Typing text 'mobile' into text field 'id:gh-ac'.</msg>
<status status="PASS" starttime="20221002 15:04:33.271" endtime="20221002 15:04:34.223"/>
</kw>
<kw name="Click Button" library="SeleniumLibrary">
<arg>id:gh-btn</arg>
<doc>Clicks the button identified by ``locator``.</doc>
<msg timestamp="20221002 15:04:34.223" level="INFO">Clicking button 'id:gh-btn'.</msg>
<status status="PASS" starttime="20221002 15:04:34.223" endtime="20221002 15:04:36.191"/>
</kw>
<status status="PASS" starttime="20221002 15:04:33.271" endtime="20221002 15:04:36.192"/>
</kw>
<kw name="Verify Search Results" library="SearchResultsPage">
<kw name="Page Should Contain" library="SeleniumLibrary">
<arg>${search_result_text} ${search_text}</arg>
<doc>Verifies that current page contains ``text``.</doc>
<msg timestamp="20221002 15:04:36.230" level="INFO">Current page contains text 'results for mobile'.</msg>
<status status="PASS" starttime="20221002 15:04:36.192" endtime="20221002 15:04:36.230"/>
</kw>
<status status="PASS" starttime="20221002 15:04:36.192" endtime="20221002 15:04:36.230"/>
</kw>
<kw name="Finish Testcase" library="CommonFunctionality" type="TEARDOWN">
<kw name="Close Browser" library="SeleniumLibrary">
<doc>Closes the current browser.</doc>
<status status="PASS" starttime="20221002 15:04:36.231" endtime="20221002 15:04:36.330"/>
</kw>
<status status="PASS" starttime="20221002 15:04:36.231" endtime="20221002 15:04:36.330"/>
</kw>
<doc>This test case verifies the basic search functionality for eBay</doc>
<tag>functional</tag>
<status status="PASS" starttime="20221002 15:04:30.302" endtime="20221002 15:04:36.330"/>
</test>
<test id="s1-s1-s1-s1-t2" name="Verify Search Filtering" line="21">
<kw name="Start Testcase" library="CommonFunctionality" type="SETUP">
<kw name="Open Browser" library="SeleniumLibrary">
<arg>https://www.ebay.com</arg>
<arg>chrome</arg>
<doc>Opens a new browser instance to the optional ``url``.</doc>
<msg timestamp="20221002 15:04:36.332" level="INFO">Opening browser 'chrome' to base url 'https://www.ebay.com'.</msg>
<status status="PASS" starttime="20221002 15:04:36.332" endtime="20221002 15:04:38.955"/>
</kw>
<kw name="Maximize Browser Window" library="SeleniumLibrary">
<doc>Maximizes current browser window.</doc>
<status status="PASS" starttime="20221002 15:04:38.956" endtime="20221002 15:04:39.151"/>
</kw>
<status status="PASS" starttime="20221002 15:04:36.332" endtime="20221002 15:04:39.151"/>
</kw>
<kw name="Input Search Text and Click Search" library="HeaderPage">
<kw name="Input Text" library="SeleniumLibrary">
<arg>id:gh-ac</arg>
<arg>${search_text}</arg>
<doc>Types the given ``text`` into the text field identified by ``locator``.</doc>
<msg timestamp="20221002 15:04:39.153" level="INFO">Typing text 'mobile' into text field 'id:gh-ac'.</msg>
<status status="PASS" starttime="20221002 15:04:39.152" endtime="20221002 15:04:39.964"/>
</kw>
<kw name="Click Button" library="SeleniumLibrary">
<arg>id:gh-btn</arg>
<doc>Clicks the button identified by ``locator``.</doc>
<msg timestamp="20221002 15:04:39.964" level="INFO">Clicking button 'id:gh-btn'.</msg>
<status status="PASS" starttime="20221002 15:04:39.964" endtime="20221002 15:04:42.009"/>
</kw>
<status status="PASS" starttime="20221002 15:04:39.151" endtime="20221002 15:04:42.009"/>
</kw>
<kw name="Verify Search Results" library="SearchResultsPage">
<kw name="Page Should Contain" library="SeleniumLibrary">
<arg>${search_result_text} ${search_text}</arg>
<doc>Verifies that current page contains ``text``.</doc>
<msg timestamp="20221002 15:04:42.045" level="INFO">Current page contains text 'results for mobile'.</msg>
<status status="PASS" starttime="20221002 15:04:42.009" endtime="20221002 15:04:42.045"/>
</kw>
<status status="PASS" starttime="20221002 15:04:42.009" endtime="20221002 15:04:42.045"/>
</kw>
<kw name="Select Product Condition" library="SearchResultsPage">
<kw name="Click Element" library="SeleniumLibrary">
<arg>xpath: /html/body/div[5]/div[4]/div[1]/div/div[1]/div[2]/div[2]/span[1]/button/span/span</arg>
<doc>Click the element identified by ``locator``.</doc>
<msg timestamp="20221002 15:04:42.046" level="INFO">Clicking element 'xpath: /html/body/div[5]/div[4]/div[1]/div/div[1]/div[2]/div[2]/span[1]/button/span/span'.</msg>
<status status="PASS" starttime="20221002 15:04:42.046" endtime="20221002 15:04:42.506"/>
</kw>
<kw name="Click Element" library="SeleniumLibrary">
<arg>xpath: /html/body/div[5]/div[4]/div[1]/div/div[1]/div[2]/div[2]/span[1]/span/div/div[2]/span[2]</arg>
<doc>Click the element identified by ``locator``.</doc>
<msg timestamp="20221002 15:04:42.506" level="INFO">Clicking element 'xpath: /html/body/div[5]/div[4]/div[1]/div/div[1]/div[2]/div[2]/span[1]/span/div/div[2]/span[2]'.</msg>
<status status="PASS" starttime="20221002 15:04:42.506" endtime="20221002 15:04:44.319"/>
</kw>
<status status="PASS" starttime="20221002 15:04:42.045" endtime="20221002 15:04:44.319"/>
</kw>
<kw name="Select Delivery Options" library="SearchResultsPage">
<kw name="Click Element" library="SeleniumLibrary">
<arg>xpath: /html/body/div[5]/div[4]/div[1]/div/div[1]/div[2]/div[2]/span[2]/button/span/span</arg>
<doc>Click the element identified by ``locator``.</doc>
<msg timestamp="20221002 15:04:44.320" level="INFO">Clicking element 'xpath: /html/body/div[5]/div[4]/div[1]/div/div[1]/div[2]/div[2]/span[2]/button/span/span'.</msg>
<status status="PASS" starttime="20221002 15:04:44.319" endtime="20221002 15:04:44.841"/>
</kw>
<kw name="Click Element" library="SeleniumLibrary">
<arg>xpath: /html/body/div[5]/div[4]/div[1]/div/div[1]/div[2]/div[2]/span[2]/span/div/div/span[2]</arg>
<doc>Click the element identified by ``locator``.</doc>
<msg timestamp="20221002 15:04:44.841" level="INFO">Clicking element 'xpath: /html/body/div[5]/div[4]/div[1]/div/div[1]/div[2]/div[2]/span[2]/span/div/div/span[2]'.</msg>
<status status="PASS" starttime="20221002 15:04:44.841" endtime="20221002 15:04:46.332"/>
</kw>
<status status="PASS" starttime="20221002 15:04:44.319" endtime="20221002 15:04:46.332"/>
</kw>
<kw name="Verify Filter Results" library="SearchResultsPage">
<kw name="Click Element" library="SeleniumLibrary">
<arg>xpath: /html/body/div[5]/div[4]/div[2]/div[1]/div[2]/ul/li[1]/div/div/div/div/div/ul/li[1]/div/div/button</arg>
<doc>Click the element identified by ``locator``.</doc>
<msg timestamp="20221002 15:04:46.333" level="INFO">Clicking element 'xpath: /html/body/div[5]/div[4]/div[2]/div[1]/div[2]/ul/li[1]/div/div/div/div/div/ul/li[1]/div/div/button'.</msg>
<status status="PASS" starttime="20221002 15:04:46.333" endtime="20221002 15:04:46.473"/>
</kw>
<kw name="Element Should Contain" library="SeleniumLibrary">
<arg>xpath: /html/body/div[5]/div[4]/div[2]/div[1]/div[2]/ul/li[1]/div/div/div/div/div/ul/li[1]/div/div/div/ul/li[1]/a</arg>
<arg>Free shipping</arg>
<doc>Verifies that element ``locator`` contains text ``expected``.</doc>
<msg timestamp="20221002 15:04:46.999" level="INFO">Element 'xpath: /html/body/div[5]/div[4]/div[2]/div[1]/div[2]/ul/li[1]/div/div/div/div/div/ul/li[1]/div/div/div/ul/li[1]/a' contains text 'Free shipping'.</msg>
<status status="PASS" starttime="20221002 15:04:46.473" endtime="20221002 15:04:46.999"/>
</kw>
<kw name="Element Text Should Be" library="SeleniumLibrary">
<arg>xpath: /html/body/div[5]/div[4]/div[2]/div[1]/div[2]/ul/li[1]/div/div/div/div/div/ul/li[1]/div/div/div/ul/li[1]/a/span</arg>
<arg>Remove filter</arg>
<doc>Verifies that element ``locator`` contains exact the text ``expected``.</doc>
<msg timestamp="20221002 15:04:47.000" level="INFO">Verifying element 'xpath: /html/body/div[5]/div[4]/div[2]/div[1]/div[2]/ul/li[1]/div/div/div/div/div/ul/li[1]/div/div/div/ul/li[1]/a/span' contains exact text 'Remove filter'.</msg>
<status status="PASS" starttime="20221002 15:04:46.999" endtime="20221002 15:04:47.018"/>
</kw>
<kw name="Element Should Contain" library="SeleniumLibrary">
<arg>xpath: /html/body/div[5]/div[4]/div[2]/div[1]/div[2]/ul/li[1]/div/div/div/div/div/ul/li[1]/div/div/div/ul/li[2]/a</arg>
<arg>New</arg>
<doc>Verifies that element ``locator`` contains text ``expected``.</doc>
<msg timestamp="20221002 15:04:47.037" level="INFO">Element 'xpath: /html/body/div[5]/div[4]/div[2]/div[1]/div[2]/ul/li[1]/div/div/div/div/div/ul/li[1]/div/div/div/ul/li[2]/a' contains text 'New'.</msg>
<status status="PASS" starttime="20221002 15:04:47.018" endtime="20221002 15:04:47.038"/>
</kw>
<kw name="Element Text Should Be" library="SeleniumLibrary">
<arg>xpath: /html/body/div[5]/div[4]/div[2]/div[1]/div[2]/ul/li[1]/div/div/div/div/div/ul/li[1]/div/div/div/ul/li[2]/a/span</arg>
<arg>Remove filter</arg>
<doc>Verifies that element ``locator`` contains exact the text ``expected``.</doc>
<msg timestamp="20221002 15:04:47.038" level="INFO">Verifying element 'xpath: /html/body/div[5]/div[4]/div[2]/div[1]/div[2]/ul/li[1]/div/div/div/div/div/ul/li[1]/div/div/div/ul/li[2]/a/span' contains exact text 'Remove filter'.</msg>
<status status="PASS" starttime="20221002 15:04:47.038" endtime="20221002 15:04:47.053"/>
</kw>
<status status="PASS" starttime="20221002 15:04:46.332" endtime="20221002 15:04:47.053"/>
</kw>
<kw name="Finish Testcase" library="CommonFunctionality" type="TEARDOWN">
<kw name="Close Browser" library="SeleniumLibrary">
<doc>Closes the current browser.</doc>
<status status="PASS" starttime="20221002 15:04:47.053" endtime="20221002 15:04:47.159"/>
</kw>
<status status="PASS" starttime="20221002 15:04:47.053" endtime="20221002 15:04:47.159"/>
</kw>
<doc>This test verifies that searches can be filtered</doc>
<tag>functional</tag>
<status status="PASS" starttime="20221002 15:04:36.331" endtime="20221002 15:04:47.160"/>
</test>
<test id="s1-s1-s1-s1-t3" name="Verify Advanced Search Functionality" line="32">
<kw name="Start Testcase" library="CommonFunctionality" type="SETUP">
<kw name="Open Browser" library="SeleniumLibrary">
<arg>https://www.ebay.com</arg>
<arg>chrome</arg>
<doc>Opens a new browser instance to the optional ``url``.</doc>
<msg timestamp="20221002 15:04:47.162" level="INFO">Opening browser 'chrome' to base url 'https://www.ebay.com'.</msg>
<status status="PASS" starttime="20221002 15:04:47.161" endtime="20221002 15:04:49.829"/>
</kw>
<kw name="Maximize Browser Window" library="SeleniumLibrary">
<doc>Maximizes current browser window.</doc>
<status status="PASS" starttime="20221002 15:04:49.830" endtime="20221002 15:04:50.011"/>
</kw>
<status status="PASS" starttime="20221002 15:04:47.161" endtime="20221002 15:04:50.012"/>
</kw>
<kw name="Click Advanced Search Link" library="HeaderPage">
<kw name="Click Element" library="SeleniumLibrary">
<arg>//*[@id="gh-as-a"]</arg>
<doc>Click the element identified by ``locator``.</doc>
<msg timestamp="20221002 15:04:50.013" level="INFO">Clicking element '//*[@id="gh-as-a"]'.</msg>
<status status="PASS" starttime="20221002 15:04:50.013" endtime="20221002 15:04:51.267"/>
</kw>
<status status="PASS" starttime="20221002 15:04:50.012" endtime="20221002 15:04:51.267"/>
</kw>
<kw name="Finish Testcase" library="CommonFunctionality" type="TEARDOWN">
<kw name="Close Browser" library="SeleniumLibrary">
<doc>Closes the current browser.</doc>
<status status="PASS" starttime="20221002 15:04:51.268" endtime="20221002 15:04:51.361"/>
</kw>
<status status="PASS" starttime="20221002 15:04:51.267" endtime="20221002 15:04:51.361"/>
</kw>
<doc>This test case verifies the advanced search functionality for eBay</doc>
<tag>functional</tag>
<status status="PASS" starttime="20221002 15:04:47.160" endtime="20221002 15:04:51.361"/>
</test>
<doc>Basic Search Functionality</doc>
<status status="PASS" starttime="20221002 15:04:30.110" endtime="20221002 15:04:51.362"/>
</suite>
<status status="PASS" starttime="20221002 15:04:30.109" endtime="20221002 15:04:51.365"/>
</suite>
<status status="PASS" starttime="20221002 15:04:30.107" endtime="20221002 15:04:51.366"/>
</suite>
<suite id="s1-s2" name="Google" source="/Users/ckz8780/dev/robot-testing/Tests/Google">
<suite id="s1-s2-s1" name="FunctionalTests" source="/Users/ckz8780/dev/robot-testing/Tests/Google/FunctionalTests">
<suite id="s1-s2-s1-s1" name="GoogleSearch" source="/Users/ckz8780/dev/robot-testing/Tests/Google/FunctionalTests/GoogleSearch.robot">
<test id="s1-s2-s1-s1-t1" name="This is a sample test case" line="7">
<kw name="Open Browser" library="SeleniumLibrary">
<arg>https://www.google.com</arg>
<arg>chrome</arg>
<doc>Opens a new browser instance to the optional ``url``.</doc>
<msg timestamp="20221002 15:04:51.378" level="INFO">Opening browser 'chrome' to base url 'https://www.google.com'.</msg>
<status status="PASS" starttime="20221002 15:04:51.377" endtime="20221002 15:04:53.688"/>
</kw>
<kw name="Close Browser" library="SeleniumLibrary">
<doc>Closes the current browser.</doc>
<status status="PASS" starttime="20221002 15:04:53.689" endtime="20221002 15:04:53.760"/>
</kw>
<doc>This is a sample test that opens the Chrome browser to google.com and then closes it</doc>
<tag>functional</tag>
<status status="PASS" starttime="20221002 15:04:51.376" endtime="20221002 15:04:53.761"/>
</test>
<status status="PASS" starttime="20221002 15:04:51.373" endtime="20221002 15:04:53.762"/>
</suite>
<status status="PASS" starttime="20221002 15:04:51.370" endtime="20221002 15:04:53.763"/>
</suite>
<status status="PASS" starttime="20221002 15:04:51.367" endtime="20221002 15:04:53.764"/>
</suite>
<suite id="s1-s3" name="VariableScope" source="/Users/ckz8780/dev/robot-testing/Tests/VariableScope.robot">
<test id="s1-s3-t1" name="Demo Test 1" line="9">
<kw name="Set Variable" library="BuiltIn">
<var>${testcase_variable}</var>
<arg>This is a testcase variable</arg>
<doc>Returns the given values which can then be assigned to a variables.</doc>
<msg timestamp="20221002 15:04:53.769" level="INFO">${testcase_variable} = This is a testcase variable</msg>
<status status="PASS" starttime="20221002 15:04:53.769" endtime="20221002 15:04:53.769"/>
</kw>
<kw name="Log" library="BuiltIn">
<arg>${GLOBAL_VARIABLE}</arg>
<doc>Logs the given message with the given level.</doc>
<msg timestamp="20221002 15:04:53.770" level="INFO">This is a global variable</msg>
<status status="PASS" starttime="20221002 15:04:53.769" endtime="20221002 15:04:53.770"/>
</kw>
<kw name="Log" library="BuiltIn">
<arg>${testcase_variable}</arg>
<doc>Logs the given message with the given level.</doc>
<msg timestamp="20221002 15:04:53.770" level="INFO">This is a testcase variable</msg>
<status status="PASS" starttime="20221002 15:04:53.770" endtime="20221002 15:04:53.770"/>
</kw>
<status status="PASS" starttime="20221002 15:04:53.768" endtime="20221002 15:04:53.771"/>
</test>
<test id="s1-s3-t2" name="Demo Test 2" line="15">
<kw name="Log" library="BuiltIn">
<arg>${GLOBAL_VARIABLE}</arg>
<doc>Logs the given message with the given level.</doc>
<msg timestamp="20221002 15:04:53.772" level="INFO">This is a global variable</msg>
<status status="PASS" starttime="20221002 15:04:53.772" endtime="20221002 15:04:53.772"/>
</kw>
<status status="PASS" starttime="20221002 15:04:53.771" endtime="20221002 15:04:53.772"/>
</test>
<test id="s1-s3-t3" name="Demo Test 3" line="19">
<kw name="Demo Keyword 1">
<kw name="Log" library="BuiltIn">
<arg>${GLOBAL_VARIABLE}</arg>
<doc>Logs the given message with the given level.</doc>
<msg timestamp="20221002 15:04:53.774" level="INFO">This is a global variable</msg>
<status status="PASS" starttime="20221002 15:04:53.774" endtime="20221002 15:04:53.774"/>
</kw>
<kw name="Log" library="BuiltIn">
<arg>${keyword_variable}</arg>
<doc>Logs the given message with the given level.</doc>
<msg timestamp="20221002 15:04:53.774" level="INFO">This is a keyword variable</msg>
<status status="PASS" starttime="20221002 15:04:53.774" endtime="20221002 15:04:53.774"/>
</kw>
<status status="PASS" starttime="20221002 15:04:53.773" endtime="20221002 15:04:53.775"/>
</kw>
<status status="PASS" starttime="20221002 15:04:53.773" endtime="20221002 15:04:53.775"/>
</test>
<status status="PASS" starttime="20221002 15:04:53.765" endtime="20221002 15:04:53.776"/>
</suite>
<status status="PASS" starttime="20221002 15:04:30.089" endtime="20221002 15:04:53.777"/>
</suite>
<statistics>
<total>
<stat pass="7" fail="0" skip="0">All Tests</stat>
</total>
<tag>
<stat pass="4" fail="0" skip="0">functional</stat>
</tag>
<suite>
<stat pass="7" fail="0" skip="0" id="s1" name="Tests">Tests</stat>
<stat pass="3" fail="0" skip="0" id="s1-s1" name="Ebay">Tests.Ebay</stat>
<stat pass="3" fail="0" skip="0" id="s1-s1-s1" name="FunctionalTests">Tests.Ebay.FunctionalTests</stat>
<stat pass="3" fail="0" skip="0" id="s1-s1-s1-s1" name="BasicSearch">Tests.Ebay.FunctionalTests.BasicSearch</stat>
<stat pass="1" fail="0" skip="0" id="s1-s2" name="Google">Tests.Google</stat>
<stat pass="1" fail="0" skip="0" id="s1-s2-s1" name="FunctionalTests">Tests.Google.FunctionalTests</stat>
<stat pass="1" fail="0" skip="0" id="s1-s2-s1-s1" name="GoogleSearch">Tests.Google.FunctionalTests.GoogleSearch</stat>
<stat pass="3" fail="0" skip="0" id="s1-s3" name="VariableScope">Tests.VariableScope</stat>
</suite>
</statistics>
<errors>
</errors>
</robot>
